{"logTime": "1113/074102", "correlationVector":"0LtlaF0DyiMO6LAyDEQTi0.13","action":"GetUpdates Response", "result":"Success", "context":Received 21 update(s). cV=0LtlaF0DyiMO6LAyDEQTi0.0;server=GENERAL0300001C;cloudType=Consumer;environment=Prod_SoutheastAsia_000j;migrationStage=NotStarted}
{"logTime": "1113/074102", "correlationVector":"VHJHjQqqmNLjkKwAlAFOQG","action":"Commit Request", "result":"", "context":Item count: 3
Contributing types: Sessions}
{"logTime": "1113/074102", "correlationVector":"VHJHjQqqmNLjkKwAlAFOQG.1","action":"SyncServerConnectionManagerRequest", "result":"SYNC_SERVER_OK", "context":{"environment":"Prod_SoutheastAsia_000j", "migrationStage":"NotStarted", "server":"GENERAL01000003"}}
{"logTime": "1113/074102", "correlationVector":"VHJHjQqqmNLjkKwAlAFOQG.3","action":"Commit.Sessions", "result":"Success", "context":{"id":"0866c54b-e5fd-4a0e-bd24-848ddd0742f3", "isDeleted":"true", "size":"0", "version":"1731479380288"}}
{"logTime": "1113/074102", "correlationVector":"VHJHjQqqmNLjkKwAlAFOQG.2","action":"Commit Response", "result":"Success", "context":Result: Success. cV=VHJHjQqqmNLjkKwAlAFOQG.0;server=GENERAL01000003;cloudType=Consumer;environment=Prod_SoutheastAsia_000j;migrationStage=NotStarted}
{"logTime": "1113/074115", "correlationVector":"fKOov23NjndtCYtzEQ2F/T","action":"Normal GetUpdate request", "result":"", "context":cV=fKOov23NjndtCYtzEQ2F/T
Nudged types: Preferences, Sessions}
{"logTime": "1113/074116", "correlationVector":"fKOov23NjndtCYtzEQ2F/T.1","action":"SyncServerConnectionManagerRequest", "result":"SYNC_SERVER_OK", "context":{"environment":"Prod_SoutheastAsia_000j", "migrationStage":"NotStarted", "server":"GENERAL0300001L"}}
{"logTime": "1113/074116", "correlationVector":"fKOov23NjndtCYtzEQ2F/T.2","action":"GetUpdates", "result":"DeleteReceived", "context":{"id":"0866c54b-e5fd-4a0e-bd24-848ddd0742f3", "isDeleted:":"true", "version":"1731483662959"}}
{"logTime": "1113/074116", "correlationVector":"fKOov23NjndtCYtzEQ2F/T.3","action":"GetUpdates Response", "result":"Success", "context":Received 3 update(s). cV=fKOov23NjndtCYtzEQ2F/T.0;server=GENERAL0300001L;cloudType=Consumer;environment=Prod_SoutheastAsia_000j;migrationStage=NotStarted}
{"logTime": "1113/074116", "correlationVector":"PcaRXWfIfn06WbvnxkL5uG","action":"Commit Request", "result":"", "context":Item count: 1
Contributing types: Preferences}
{"logTime": "1113/074117", "correlationVector":"PcaRXWfIfn06WbvnxkL5uG.1","action":"SyncServerConnectionManagerRequest", "result":"SYNC_SERVER_OK", "context":{"environment":"Prod_SoutheastAsia_000j", "migrationStage":"NotStarted", "server":"GENERAL01000010"}}
{"logTime": "1113/074117", "correlationVector":"PcaRXWfIfn06WbvnxkL5uG.2","action":"Commit Response", "result":"Success", "context":Result: Success. cV=PcaRXWfIfn06WbvnxkL5uG.0;server=GENERAL01000010;cloudType=Consumer;environment=Prod_SoutheastAsia_000j;migrationStage=NotStarted}
{"logTime": "1113/074119", "correlationVector":"5cssFdcZFdULdRyIbJeoIg","action":"Commit Request", "result":"", "context":Item count: 1
Contributing types: Preferences}
{"logTime": "1113/074120", "correlationVector":"5cssFdcZFdULdRyIbJeoIg.1","action":"SyncServerConnectionManagerRequest", "result":"SYNC_SERVER_OK", "context":{"environment":"Prod_SoutheastAsia_000j", "migrationStage":"NotStarted", "server":"GENERAL0300002Y"}}
{"logTime": "1113/074120", "correlationVector":"5cssFdcZFdULdRyIbJeoIg.2","action":"Commit Response", "result":"Success", "context":Result: Success. cV=5cssFdcZFdULdRyIbJeoIg.0;server=GENERAL0300002Y;cloudType=Consumer;environment=Prod_SoutheastAsia_000j;migrationStage=NotStarted}
{"logTime": "1113/074202", "correlationVector":"Lg9C5RGBpGh7+MXNv0MSR2","action":"Commit Request", "result":"", "context":Item count: 1
Contributing types: Sessions}
{"logTime": "1113/074202", "correlationVector":"Lg9C5RGBpGh7+MXNv0MSR2.1","action":"SyncServerConnectionManagerRequest", "result":"SYNC_SERVER_OK", "context":{"environment":"Prod_SoutheastAsia_000j", "migrationStage":"NotStarted", "server":"GENERAL0100000V"}}
{"logTime": "1113/074202", "correlationVector":"Lg9C5RGBpGh7+MXNv0MSR2.2","action":"Commit Response", "result":"Success", "context":Result: Success. cV=Lg9C5RGBpGh7+MXNv0MSR2.0;server=GENERAL0100000V;cloudType=Consumer;environment=Prod_SoutheastAsia_000j;migrationStage=NotStarted}
{"logTime": "1120/023811", "correlationVector":"5u+nM0fwk32+uPpb9r/KFa.1","action":"SyncServerConnectionManagerRequest", "result":"SYNC_SERVER_OK", "context":{"environment":"Prod_SoutheastAsia_000j", "migrationStage":"NotStarted", "server":"GENERAL01000006"}}
{"logTime": "1120/023812", "correlationVector":"fmHy78SLz3s+GZRbZYZpks","action":"SyncServerConnectionManagerRequest", "result":"SYNC_SERVER_OK", "context":{"environment":"", "migrationStage":"", "server":""}}
{"logTime": "1120/023812", "correlationVector":"5u+nM0fwk32+uPpb9r/KFa","action":"Initial GetUpdates", "result":"", "context":Reason: NEW_CLIENT. cV=5u+nM0fwk32+uPpb9r/KFa}
{"logTime": "1120/023812", "correlationVector":"5u+nM0fwk32+uPpb9r/KFa.2","action":"GetUpdates Response", "result":"Success", "context":Received 1 update(s). cV=5u+nM0fwk32+uPpb9r/KFa.0;server=GENERAL01000006;cloudType=Consumer;environment=Prod_SoutheastAsia_000j;migrationStage=NotStarted}
{"logTime": "1120/023812", "correlationVector":"x3KH+N+iEEyHWP6UEBT15R","action":"Initial GetUpdates", "result":"", "context":Reason: NEWLY_SUPPORTED_DATATYPE. cV=x3KH+N+iEEyHWP6UEBT15R}
{"logTime": "1120/023812", "correlationVector":"x3KH+N+iEEyHWP6UEBT15R.1","action":"SyncServerConnectionManagerRequest", "result":"SYNC_SERVER_OK", "context":{"environment":"Prod_SoutheastAsia_000j", "migrationStage":"NotStarted", "server":"GENERAL0100001C"}}
{"logTime": "1120/023812", "correlationVector":"x3KH+N+iEEyHWP6UEBT15R.2","action":"GetUpdates Response", "result":"Success", "context":Received 141 update(s). cV=x3KH+N+iEEyHWP6UEBT15R.0;server=GENERAL0100001C;cloudType=Consumer;environment=Prod_SoutheastAsia_000j;migrationStage=NotStarted}
{"logTime": "1120/023813", "correlationVector":"kxuBoPm1bXLC9WsSSr7fZM","action":"Normal GetUpdate request", "result":"", "context":cV=kxuBoPm1bXLC9WsSSr7fZM
Nudged types: Sessions, Device Info
Refresh requested types: Bookmarks, Preferences, Passwords, Autofill Profiles, Autofill, Typed URLs, Extensions, Sessions, Extension settings, History Delete Directives, Device Info, User Consents, Send Tab To Self, Web Apps, Collection, Edge E Drop, Edge Hub App Usage, Edge Tab Group, Edge Wallet, Encryption Keys}
{"logTime": "1120/023814", "correlationVector":"kxuBoPm1bXLC9WsSSr7fZM.1","action":"SyncServerConnectionManagerRequest", "result":"SYNC_SERVER_OK", "context":{"environment":"Prod_SoutheastAsia_000j", "migrationStage":"NotStarted", "server":"GENERAL0300001W"}}
{"logTime": "1120/023814", "correlationVector":"kxuBoPm1bXLC9WsSSr7fZM.2","action":"GetUpdates", "result":"DeleteReceived", "context":{"id":"5a42995c-a59f-4f89-99fa-27002db0e164", "isDeleted:":"true", "version":"1731913957199"}}
{"logTime": "1120/023814", "correlationVector":"kxuBoPm1bXLC9WsSSr7fZM.3","action":"GetUpdates", "result":"DeleteReceived", "context":{"id":"64506fe5-96e6-4f77-ab34-86d89af4128a", "isDeleted:":"true", "version":"1731914059314"}}
{"logTime": "1120/023814", "correlationVector":"kxuBoPm1bXLC9WsSSr7fZM.4","action":"GetUpdates", "result":"DeleteReceived", "context":{"id":"9dc53c42-128d-41b7-b44d-51673ec0c575", "isDeleted:":"true", "version":"1731914071128"}}
{"logTime": "1120/023814", "correlationVector":"kxuBoPm1bXLC9WsSSr7fZM.5","action":"GetUpdates", "result":"DeleteReceived", "context":{"id":"0581f9d7-178f-418b-8d8e-54bf8ae16fae", "isDeleted:":"true", "version":"1731914714784"}}
{"logTime": "1120/023814", "correlationVector":"kxuBoPm1bXLC9WsSSr7fZM.6","action":"GetUpdates", "result":"DeleteReceived", "context":{"id":"62c442d6-9d11-4813-b2cd-ff274287984b", "isDeleted:":"true", "version":"1731914714785"}}
{"logTime": "1120/023814", "correlationVector":"kxuBoPm1bXLC9WsSSr7fZM.7","action":"GetUpdates", "result":"DeleteReceived", "context":{"id":"53adcd97-ab32-48e2-9a6b-4d96219c4541", "isDeleted:":"true", "version":"1731914714786"}}
{"logTime": "1120/023814", "correlationVector":"kxuBoPm1bXLC9WsSSr7fZM.8","action":"GetUpdates", "result":"DeleteReceived", "context":{"id":"1cc23d8d-6f60-4dbc-bc1b-4158c09ab426", "isDeleted:":"true", "version":"1731914714787"}}
{"logTime": "1120/023814", "correlationVector":"kxuBoPm1bXLC9WsSSr7fZM.9","action":"GetUpdates", "result":"DeleteReceived", "context":{"id":"fc61d52f-580e-480d-8570-b065e86c9220", "isDeleted:":"true", "version":"1731486802484"}}
{"logTime": "1120/023814", "correlationVector":"kxuBoPm1bXLC9WsSSr7fZM.10","action":"GetUpdates", "result":"DeleteReceived", "context":{"id":"df2adba2-abca-437e-9f7e-7b79f8d39bee", "isDeleted:":"true", "version":"1731486802485"}}
{"logTime": "1120/023814", "correlationVector":"kxuBoPm1bXLC9WsSSr7fZM.11","action":"GetUpdates", "result":"DeleteReceived", "context":{"id":"2b54c4d2-b607-461b-a7a5-2eaa431f2f75", "isDeleted:":"true", "version":"1731488138170"}}
{"logTime": "1120/023814", "correlationVector":"kxuBoPm1bXLC9WsSSr7fZM.12","action":"GetUpdates", "result":"DeleteReceived", "context":{"id":"0a17ba3f-8c3d-438f-bd6c-9dba07508f71", "isDeleted:":"true", "version":"1731488283322"}}
{"logTime": "1120/023814", "correlationVector":"kxuBoPm1bXLC9WsSSr7fZM.13","action":"GetUpdates", "result":"DeleteReceived", "context":{"id":"ceba9b7b-6f0a-44e9-800f-71db80197f73", "isDeleted:":"true", "version":"1731503862648"}}
{"logTime": "1120/023814", "correlationVector":"kxuBoPm1bXLC9WsSSr7fZM.14","action":"GetUpdates", "result":"DeleteReceived", "context":{"id":"4d765c1d-e3e8-4542-b9d2-57337003c9e4", "isDeleted:":"true", "version":"1731503979333"}}
{"logTime": "1120/023814", "correlationVector":"kxuBoPm1bXLC9WsSSr7fZM.15","action":"GetUpdates", "result":"DeleteReceived", "context":{"id":"af801dde-59ae-4b48-a98a-83f3a190d2f0", "isDeleted:":"true", "version":"1731503979334"}}
{"logTime": "1120/023814", "correlationVector":"kxuBoPm1bXLC9WsSSr7fZM.16","action":"GetUpdates", "result":"DeleteReceived", "context":{"id":"e9df97e0-c5ce-4f66-91b8-df6928eaecbf", "isDeleted:":"true", "version":"1731506297741"}}
{"logTime": "1120/023814", "correlationVector":"kxuBoPm1bXLC9WsSSr7fZM.17","action":"GetUpdates", "result":"DeleteReceived", "context":{"id":"6c5dee10-b5e8-4da5-8bc1-ce61505d2967", "isDeleted:":"true", "version":"1731506340317"}}
{"logTime": "1120/023814", "correlationVector":"kxuBoPm1bXLC9WsSSr7fZM.18","action":"GetUpdates", "result":"DeleteReceived", "context":{"id":"efa83176-2710-4a44-9db2-dd44a6087b5a", "isDeleted:":"true", "version":"1731506340319"}}
{"logTime": "1120/023814", "correlationVector":"kxuBoPm1bXLC9WsSSr7fZM.19","action":"GetUpdates", "result":"DeleteReceived", "context":{"id":"1711aa6d-baae-4662-ba53-e40bb3cf2cf1", "isDeleted:":"true", "version":"1731506340320"}}
{"logTime": "1120/023814", "correlationVector":"kxuBoPm1bXLC9WsSSr7fZM.20","action":"GetUpdates", "result":"DeleteReceived", "context":{"id":"829d1ac9-0c5b-45af-bf70-878e1f38b091", "isDeleted:":"true", "version":"1731506340321"}}
{"logTime": "1120/023814", "correlationVector":"kxuBoPm1bXLC9WsSSr7fZM.21","action":"GetUpdates", "result":"DeleteReceived", "context":{"id":"9a483de4-565a-4a32-9c7a-00b0112701a2", "isDeleted:":"true", "version":"1731528784762"}}
{"logTime": "1120/023814", "correlationVector":"kxuBoPm1bXLC9WsSSr7fZM.22","action":"GetUpdates", "result":"DeleteReceived", "context":{"id":"99874a37-bdf4-452d-94c5-4dec42d63c18", "isDeleted:":"true", "version":"1731556063062"}}
{"logTime": "1120/023814", "correlationVector":"kxuBoPm1bXLC9WsSSr7fZM.23","action":"GetUpdates", "result":"DeleteReceived", "context":{"id":"f5d9c92f-60f2-451f-922f-ac73eddd2297", "isDeleted:":"true", "version":"1731563469364"}}
{"logTime": "1120/023814", "correlationVector":"kxuBoPm1bXLC9WsSSr7fZM.24","action":"GetUpdates", "result":"DeleteReceived", "context":{"id":"ea1cd77d-9dea-47fd-b24c-f092eee628d4", "isDeleted:":"true", "version":"1731563469366"}}
{"logTime": "1120/023814", "correlationVector":"kxuBoPm1bXLC9WsSSr7fZM.25","action":"GetUpdates", "result":"DeleteReceived", "context":{"id":"bfa3ad89-8eff-4b95-a25e-6f26533f5cba", "isDeleted:":"true", "version":"1731564016252"}}
{"logTime": "1120/023814", "correlationVector":"kxuBoPm1bXLC9WsSSr7fZM.26","action":"GetUpdates", "result":"DeleteReceived", "context":{"id":"77968b18-a739-4439-a0ff-f980353be90c", "isDeleted:":"true", "version":"1731565772247"}}
{"logTime": "1120/023814", "correlationVector":"kxuBoPm1bXLC9WsSSr7fZM.27","action":"GetUpdates", "result":"DeleteReceived", "context":{"id":"fbbbd48e-328e-4e80-9d6d-3355db9d0bfa", "isDeleted:":"true", "version":"1731565772248"}}
{"logTime": "1120/023814", "correlationVector":"kxuBoPm1bXLC9WsSSr7fZM.28","action":"GetUpdates", "result":"DeleteReceived", "context":{"id":"6f80566b-165f-429f-b313-3cd3be95e5f8", "isDeleted:":"true", "version":"1731565772249"}}
{"logTime": "1120/023814", "correlationVector":"kxuBoPm1bXLC9WsSSr7fZM.29","action":"GetUpdates", "result":"DeleteReceived", "context":{"id":"2238eb70-603f-4a15-bff6-63aa4ec5b9f3", "isDeleted:":"true", "version":"1731565772250"}}
{"logTime": "1120/023814", "correlationVector":"kxuBoPm1bXLC9WsSSr7fZM.30","action":"GetUpdates", "result":"DeleteReceived", "context":{"id":"8e6db0de-09c7-48b8-a6a6-d2e4f3422632", "isDeleted:":"true", "version":"1731569779472"}}
{"logTime": "1120/023814", "correlationVector":"kxuBoPm1bXLC9WsSSr7fZM.31","action":"GetUpdates", "result":"DeleteReceived", "context":{"id":"92a37e7a-2343-4fe2-9336-c9169c13adbc", "isDeleted:":"true", "version":"1731572168154"}}
{"logTime": "1120/023814", "correlationVector":"kxuBoPm1bXLC9WsSSr7fZM.32","action":"GetUpdates", "result":"DeleteReceived", "context":{"id":"c2478526-e00a-4df7-a66f-1d11aa6d7497", "isDeleted:":"true", "version":"1731579708037"}}
{"logTime": "1120/023814", "correlationVector":"kxuBoPm1bXLC9WsSSr7fZM.33","action":"GetUpdates", "result":"DeleteReceived", "context":{"id":"4f169733-ba47-404e-a15b-ad8117b2f4af", "isDeleted:":"true", "version":"1731579708038"}}
{"logTime": "1120/023814", "correlationVector":"kxuBoPm1bXLC9WsSSr7fZM.34","action":"GetUpdates", "result":"DeleteReceived", "context":{"id":"be0b2e48-9934-4265-85d8-84717f4b24da", "isDeleted:":"true", "version":"1731579708039"}}
{"logTime": "1120/023814", "correlationVector":"kxuBoPm1bXLC9WsSSr7fZM.35","action":"GetUpdates", "result":"DeleteReceived", "context":{"id":"85a11c5e-eac7-479b-ad02-2d0f7bc911aa", "isDeleted:":"true", "version":"1731586556882"}}
{"logTime": "1120/023814", "correlationVector":"kxuBoPm1bXLC9WsSSr7fZM.36","action":"GetUpdates", "result":"DeleteReceived", "context":{"id":"a249c82a-e97a-4072-97fb-4f669e968ba3", "isDeleted:":"true", "version":"1731623108000"}}
{"logTime": "1120/023814", "correlationVector":"kxuBoPm1bXLC9WsSSr7fZM.37","action":"GetUpdates", "result":"DeleteReceived", "context":{"id":"23edc827-5e75-4ab2-ad34-46ad00b42d3e", "isDeleted:":"true", "version":"1731623108001"}}
{"logTime": "1120/023814", "correlationVector":"kxuBoPm1bXLC9WsSSr7fZM.38","action":"GetUpdates", "result":"DeleteReceived", "context":{"id":"65b5c4dd-ba0e-4bff-aec1-4685e4b7d758", "isDeleted:":"true", "version":"1731623108002"}}
{"logTime": "1120/023814", "correlationVector":"kxuBoPm1bXLC9WsSSr7fZM.39","action":"GetUpdates", "result":"DeleteReceived", "context":{"id":"69e0e8ea-e3b2-4468-9a5d-484ed7be4c36", "isDeleted:":"true", "version":"1731623108003"}}
{"logTime": "1120/023814", "correlationVector":"kxuBoPm1bXLC9WsSSr7fZM.40","action":"GetUpdates", "result":"DeleteReceived", "context":{"id":"84afb75e-d5b2-4141-8cc3-8de204a25176", "isDeleted:":"true", "version":"1731623183431"}}
{"logTime": "1120/023814", "correlationVector":"kxuBoPm1bXLC9WsSSr7fZM.41","action":"GetUpdates", "result":"DeleteReceived", "context":{"id":"584ea7c5-e181-4b50-9138-3fc73a2989ef", "isDeleted:":"true", "version":"1731624229067"}}
{"logTime": "1120/023814", "correlationVector":"kxuBoPm1bXLC9WsSSr7fZM.42","action":"GetUpdates", "result":"DeleteReceived", "context":{"id":"3a27ed09-180b-41b8-9238-95815d41aeba", "isDeleted:":"true", "version":"1731630472299"}}
{"logTime": "1120/023814", "correlationVector":"kxuBoPm1bXLC9WsSSr7fZM.43","action":"GetUpdates", "result":"DeleteReceived", "context":{"id":"68c3e00c-031b-4cd6-a333-36bdf66a4e89", "isDeleted:":"true", "version":"1731631015494"}}
{"logTime": "1120/023814", "correlationVector":"kxuBoPm1bXLC9WsSSr7fZM.44","action":"GetUpdates", "result":"DeleteReceived", "context":{"id":"2acd9d52-085e-486f-8c86-64085b79d683", "isDeleted:":"true", "version":"1731639876151"}}
{"logTime": "1120/023814", "correlationVector":"kxuBoPm1bXLC9WsSSr7fZM.45","action":"GetUpdates", "result":"DeleteReceived", "context":{"id":"40c44eb4-073c-4e8e-be79-2afd4079038b", "isDeleted:":"true", "version":"1731639876152"}}
{"logTime": "1120/023814", "correlationVector":"kxuBoPm1bXLC9WsSSr7fZM.46","action":"GetUpdates", "result":"DeleteReceived", "context":{"id":"5f2f4c07-7670-4522-a7c5-43788a35796b", "isDeleted:":"true", "version":"1731639876154"}}
{"logTime": "1120/023814", "correlationVector":"kxuBoPm1bXLC9WsSSr7fZM.47","action":"GetUpdates", "result":"DeleteReceived", "context":{"id":"5e99bbb5-16be-4b34-997f-8ac83931dc6c", "isDeleted:":"true", "version":"1731647505084"}}
{"logTime": "1120/023814", "correlationVector":"kxuBoPm1bXLC9WsSSr7fZM.48","action":"GetUpdates", "result":"DeleteReceived", "context":{"id":"587d396f-828f-4ee5-81c8-cceca90d0ed2", "isDeleted:":"true", "version":"1731649098708"}}
{"logTime": "1120/023814", "correlationVector":"kxuBoPm1bXLC9WsSSr7fZM.49","action":"GetUpdates", "result":"DeleteReceived", "context":{"id":"a24444b7-0f13-4234-9ba0-e880e54e0479", "isDeleted:":"true", "version":"1731649133574"}}
{"logTime": "1120/023814", "correlationVector":"kxuBoPm1bXLC9WsSSr7fZM.50","action":"GetUpdates", "result":"DeleteReceived", "context":{"id":"c0ec3fc5-7ad5-4fc9-96ee-5e059a965c5f", "isDeleted:":"true", "version":"1731650029059"}}
{"logTime": "1120/023814", "correlationVector":"kxuBoPm1bXLC9WsSSr7fZM.51","action":"GetUpdates", "result":"DeleteReceived", "context":{"id":"ec39e81d-4d16-483a-850f-7364bfaeaad1", "isDeleted:":"true", "version":"1731650670351"}}
{"logTime": "1120/023814", "correlationVector":"kxuBoPm1bXLC9WsSSr7fZM.52","action":"GetUpdates", "result":"DeleteReceived", "context":{"id":"24a56003-6300-4749-8542-7ac4d0f183e9", "isDeleted:":"true", "version":"1731651291042"}}
{"logTime": "1120/023814", "correlationVector":"kxuBoPm1bXLC9WsSSr7fZM.53","action":"GetUpdates", "result":"DeleteReceived", "context":{"id":"742aecf8-2223-464c-972f-eabf4a2e5f24", "isDeleted:":"true", "version":"1731655200348"}}
{"logTime": "1120/023814", "correlationVector":"kxuBoPm1bXLC9WsSSr7fZM.54","action":"GetUpdates", "result":"DeleteReceived", "context":{"id":"2def5fdf-1152-4aa2-82fe-37b292905868", "isDeleted:":"true", "version":"1731655200350"}}
{"logTime": "1120/023814", "correlationVector":"kxuBoPm1bXLC9WsSSr7fZM.55","action":"GetUpdates", "result":"DeleteReceived", "context":{"id":"c36b82b0-caca-4374-a707-362ab029ff2a", "isDeleted:":"true", "version":"1731656124352"}}
{"logTime": "1120/023814", "correlationVector":"kxuBoPm1bXLC9WsSSr7fZM.56","action":"GetUpdates", "result":"DeleteReceived", "context":{"id":"ce2578a2-b22b-4554-ae8d-6a604d260430", "isDeleted:":"true", "version":"1731656926226"}}
{"logTime": "1120/023814", "correlationVector":"kxuBoPm1bXLC9WsSSr7fZM.57","action":"GetUpdates", "result":"DeleteReceived", "context":{"id":"d88ae4f0-6e46-4ef4-b992-a1329fa06e4a", "isDeleted:":"true", "version":"1731657416907"}}
{"logTime": "1120/023814", "correlationVector":"kxuBoPm1bXLC9WsSSr7fZM.58","action":"GetUpdates", "result":"DeleteReceived", "context":{"id":"94196282-bd8b-4cfb-bfab-46f23c8d538e", "isDeleted:":"true", "version":"1731659668590"}}
{"logTime": "1120/023814", "correlationVector":"kxuBoPm1bXLC9WsSSr7fZM.59","action":"GetUpdates", "result":"DeleteReceived", "context":{"id":"f0585b63-16ec-4ff2-b5ef-4c2d648b4ad4", "isDeleted:":"true", "version":"1731659690433"}}
{"logTime": "1120/023814", "correlationVector":"kxuBoPm1bXLC9WsSSr7fZM.60","action":"GetUpdates", "result":"DeleteReceived", "context":{"id":"4fef39f4-dc5c-44e3-a9b0-6b9c9674a40f", "isDeleted:":"true", "version":"1731662171012"}}
{"logTime": "1120/023814", "correlationVector":"kxuBoPm1bXLC9WsSSr7fZM.61","action":"GetUpdates", "result":"DeleteReceived", "context":{"id":"bf324251-6a5e-41c9-bd6e-95d5e2c52913", "isDeleted:":"true", "version":"1731662373000"}}
{"logTime": "1120/023814", "correlationVector":"kxuBoPm1bXLC9WsSSr7fZM.62","action":"GetUpdates", "result":"DeleteReceived", "context":{"id":"e38e677e-c693-45a8-b5db-2daeb9a1f87e", "isDeleted:":"true", "version":"1731663973467"}}
{"logTime": "1120/023814", "correlationVector":"kxuBoPm1bXLC9WsSSr7fZM.63","action":"GetUpdates", "result":"DeleteReceived", "context":{"id":"7300c974-54f6-4fa0-b935-5420158b1627", "isDeleted:":"true", "version":"1731666552880"}}
{"logTime": "1120/023814", "correlationVector":"kxuBoPm1bXLC9WsSSr7fZM.64","action":"GetUpdates", "result":"DeleteReceived", "context":{"id":"c6f4a4c4-d0b6-4298-9e64-4d96c27dbe28", "isDeleted:":"true", "version":"1731667676126"}}
{"logTime": "1120/023814", "correlationVector":"kxuBoPm1bXLC9WsSSr7fZM.65","action":"GetUpdates", "result":"DeleteReceived", "context":{"id":"02670db4-8ee6-4515-94b1-dd27421015cb", "isDeleted:":"true", "version":"1731669371494"}}
{"logTime": "1120/023814", "correlationVector":"kxuBoPm1bXLC9WsSSr7fZM.66","action":"GetUpdates", "result":"DeleteReceived", "context":{"id":"d07d72e4-ebac-4944-a03b-002f780702b9", "isDeleted:":"true", "version":"1731670993884"}}
{"logTime": "1120/023814", "correlationVector":"kxuBoPm1bXLC9WsSSr7fZM.67","action":"GetUpdates", "result":"DeleteReceived", "context":{"id":"b6e115b4-18e5-43fc-9bf9-4ffef15e508f", "isDeleted:":"true", "version":"1731672361330"}}
{"logTime": "1120/023814", "correlationVector":"kxuBoPm1bXLC9WsSSr7fZM.68","action":"GetUpdates", "result":"DeleteReceived", "context":{"id":"8ee7096a-bb3c-4041-ade1-51ad25e9d794", "isDeleted:":"true", "version":"1731672411315"}}
{"logTime": "1120/023814", "correlationVector":"kxuBoPm1bXLC9WsSSr7fZM.69","action":"GetUpdates", "result":"DeleteReceived", "context":{"id":"644ce880-6942-491c-98a4-3d405495349d", "isDeleted:":"true", "version":"1731672521863"}}
{"logTime": "1120/023814", "correlationVector":"kxuBoPm1bXLC9WsSSr7fZM.70","action":"GetUpdates", "result":"DeleteReceived", "context":{"id":"4edc2809-d029-4d7d-ada4-b3edd20ed0ca", "isDeleted:":"true", "version":"1731682995647"}}
{"logTime": "1120/023814", "correlationVector":"kxuBoPm1bXLC9WsSSr7fZM.71","action":"GetUpdates", "result":"DeleteReceived", "context":{"id":"eee779d3-e590-4228-a214-8c2f1d69343f", "isDeleted:":"true", "version":"1731682995648"}}
{"logTime": "1120/023814", "correlationVector":"kxuBoPm1bXLC9WsSSr7fZM.72","action":"GetUpdates", "result":"DeleteReceived", "context":{"id":"a07259e2-97f0-4f64-8088-2a22b30ec5ed", "isDeleted:":"true", "version":"1731682995649"}}
{"logTime": "1120/023814", "correlationVector":"kxuBoPm1bXLC9WsSSr7fZM.73","action":"GetUpdates", "result":"DeleteReceived", "context":{"id":"837d64a3-60de-4c88-a882-1980fb66a6c3", "isDeleted:":"true", "version":"1731682995650"}}
{"logTime": "1120/023814", "correlationVector":"kxuBoPm1bXLC9WsSSr7fZM.74","action":"GetUpdates", "result":"DeleteReceived", "context":{"id":"0c66fef4-c220-44d1-aba0-1057422c294d", "isDeleted:":"true", "version":"1731682995651"}}
{"logTime": "1120/023814", "correlationVector":"kxuBoPm1bXLC9WsSSr7fZM.75","action":"GetUpdates", "result":"DeleteReceived", "context":{"id":"a157b313-83b6-4927-95f7-eb1cd7637b61", "isDeleted:":"true", "version":"1731683087728"}}
{"logTime": "1120/023814", "correlationVector":"kxuBoPm1bXLC9WsSSr7fZM.76","action":"GetUpdates", "result":"DeleteReceived", "context":{"id":"2d4209b1-f7fe-4b3d-a92f-50f91b2a02ae", "isDeleted:":"true", "version":"1731683150694"}}
{"logTime": "1120/023814", "correlationVector":"kxuBoPm1bXLC9WsSSr7fZM.77","action":"GetUpdates", "result":"DeleteReceived", "context":{"id":"3eb3c277-967e-4997-af78-de84aa9b5a87", "isDeleted:":"true", "version":"1731683183357"}}
{"logTime": "1120/023814", "correlationVector":"kxuBoPm1bXLC9WsSSr7fZM.78","action":"GetUpdates", "result":"DeleteReceived", "context":{"id":"a9c624bf-65e6-4057-b491-f978ce675052", "isDeleted:":"true", "version":"1731683358506"}}
{"logTime": "1120/023814", "correlationVector":"kxuBoPm1bXLC9WsSSr7fZM.79","action":"GetUpdates", "result":"DeleteReceived", "context":{"id":"b6f1f353-6318-4bad-8782-54c10c7c4df7", "isDeleted:":"true", "version":"1731683667108"}}
{"logTime": "1120/023814", "correlationVector":"kxuBoPm1bXLC9WsSSr7fZM.80","action":"GetUpdates", "result":"DeleteReceived", "context":{"id":"9feadb24-a6f7-4fb8-8e3d-f01a4604d81c", "isDeleted:":"true", "version":"1731683697539"}}
{"logTime": "1120/023814", "correlationVector":"kxuBoPm1bXLC9WsSSr7fZM.81","action":"GetUpdates", "result":"DeleteReceived", "context":{"id":"54931cac-a654-4855-ab3c-baf43175cca9", "isDeleted:":"true", "version":"1731683852187"}}
{"logTime": "1120/023814", "correlationVector":"kxuBoPm1bXLC9WsSSr7fZM.82","action":"GetUpdates", "result":"DeleteReceived", "context":{"id":"df4af87a-ca95-4900-9d4d-7036388aca35", "isDeleted:":"true", "version":"1731719474762"}}
{"logTime": "1120/023814", "correlationVector":"kxuBoPm1bXLC9WsSSr7fZM.83","action":"GetUpdates", "result":"DeleteReceived", "context":{"id":"49ace022-65b6-4356-bcfe-26cbe8a4ba13", "isDeleted:":"true", "version":"1731719474765"}}
{"logTime": "1120/023814", "correlationVector":"kxuBoPm1bXLC9WsSSr7fZM.84","action":"GetUpdates", "result":"DeleteReceived", "context":{"id":"9a404cbd-1e7e-4a83-849a-c2300f6efdef", "isDeleted:":"true", "version":"1731720058927"}}
{"logTime": "1120/023814", "correlationVector":"kxuBoPm1bXLC9WsSSr7fZM.85","action":"GetUpdates", "result":"DeleteReceived", "context":{"id":"372122bb-6824-420b-a625-90d22f414f48", "isDeleted:":"true", "version":"1731720058928"}}
{"logTime": "1120/023814", "correlationVector":"kxuBoPm1bXLC9WsSSr7fZM.86","action":"GetUpdates", "result":"DeleteReceived", "context":{"id":"6dc439ae-38f1-4449-a1a3-75e04e6ca71b", "isDeleted:":"true", "version":"1731720958376"}}
{"logTime": "1120/023814", "correlationVector":"kxuBoPm1bXLC9WsSSr7fZM.87","action":"GetUpdates", "result":"DeleteReceived", "context":{"id":"0fad21ed-d9a8-43f0-8745-b4d88484203d", "isDeleted:":"true", "version":"1731736152245"}}
{"logTime": "1120/023814", "correlationVector":"kxuBoPm1bXLC9WsSSr7fZM.88","action":"GetUpdates", "result":"DeleteReceived", "context":{"id":"47673afc-9037-4b13-baff-08a8784d59ac", "isDeleted:":"true", "version":"1731738149504"}}
{"logTime": "1120/023814", "correlationVector":"kxuBoPm1bXLC9WsSSr7fZM.89","action":"GetUpdates", "result":"DeleteReceived", "context":{"id":"025e5c00-38c5-4327-b5ff-7916440fc549", "isDeleted:":"true", "version":"1731738280237"}}
{"logTime": "1120/023814", "correlationVector":"kxuBoPm1bXLC9WsSSr7fZM.90","action":"GetUpdates", "result":"DeleteReceived", "context":{"id":"1b91d448-d6e4-4b34-99ff-9ea2d6075da1", "isDeleted:":"true", "version":"1731739021701"}}
{"logTime": "1120/023814", "correlationVector":"kxuBoPm1bXLC9WsSSr7fZM.91","action":"GetUpdates", "result":"DeleteReceived", "context":{"id":"a26f9e37-a465-4721-ac21-f96af19fd398", "isDeleted:":"true", "version":"1731739992743"}}
{"logTime": "1120/023814", "correlationVector":"kxuBoPm1bXLC9WsSSr7fZM.92","action":"GetUpdates", "result":"DeleteReceived", "context":{"id":"11383ac4-083c-4709-b6c7-d5c851eeb844", "isDeleted:":"true", "version":"1731741176834"}}
{"logTime": "1120/023814", "correlationVector":"kxuBoPm1bXLC9WsSSr7fZM.93","action":"GetUpdates", "result":"DeleteReceived", "context":{"id":"9108429b-c20a-44b6-be9a-3e4b515e1635", "isDeleted:":"true", "version":"1731745600854"}}
{"logTime": "1120/023814", "correlationVector":"kxuBoPm1bXLC9WsSSr7fZM.94","action":"GetUpdates", "result":"DeleteReceived", "context":{"id":"365bb378-b7bb-405f-99f2-dc4f820d62b4", "isDeleted:":"true", "version":"1731746515523"}}
{"logTime": "1120/023814", "correlationVector":"kxuBoPm1bXLC9WsSSr7fZM.95","action":"GetUpdates", "result":"DeleteReceived", "context":{"id":"535bec26-a1c0-45ce-9bc9-94f52e9a9ff2", "isDeleted:":"true", "version":"1731752438053"}}
{"logTime": "1120/023814", "correlationVector":"kxuBoPm1bXLC9WsSSr7fZM.96","action":"GetUpdates", "result":"DeleteReceived", "context":{"id":"5977e146-518e-4a7e-a1f7-2729669ae97b", "isDeleted:":"true", "version":"1731752475405"}}
{"logTime": "1120/023814", "correlationVector":"kxuBoPm1bXLC9WsSSr7fZM.97","action":"GetUpdates", "result":"DeleteReceived", "context":{"id":"5c66a9bd-6c77-4555-be7e-b050b349c10f", "isDeleted:":"true", "version":"1731757792879"}}
{"logTime": "1120/023814", "correlationVector":"kxuBoPm1bXLC9WsSSr7fZM.98","action":"GetUpdates", "result":"DeleteReceived", "context":{"id":"76af2fc5-e400-4bf2-9517-01c8e8099a58", "isDeleted:":"true", "version":"1731764203546"}}
{"logTime": "1120/023814", "correlationVector":"kxuBoPm1bXLC9WsSSr7fZM.99","action":"GetUpdates", "result":"DeleteReceived", "context":{"id":"6927d307-21f0-4fae-aab0-ecfdac9d1c68", "isDeleted:":"true", "version":"1731765595367"}}
{"logTime": "1120/023814", "correlationVector":"kxuBoPm1bXLC9WsSSr7fZM.100","action":"GetUpdates", "result":"DeleteReceived", "context":{"id":"fb97a150-442d-43d1-ac3b-d91b1ef61a6f", "isDeleted:":"true", "version":"1731769006985"}}
{"logTime": "1120/023814", "correlationVector":"kxuBoPm1bXLC9WsSSr7fZM.101","action":"GetUpdates", "result":"DeleteReceived", "context":{"id":"8a45dd2b-00ca-4852-9d52-39f05e5f5a46", "isDeleted:":"true", "version":"1731769006987"}}
{"logTime": "1120/023814", "correlationVector":"kxuBoPm1bXLC9WsSSr7fZM.102","action":"GetUpdates", "result":"DeleteReceived", "context":{"id":"4b353d05-df78-4cd6-a10b-aa2bba26456e", "isDeleted:":"true", "version":"1731772400964"}}
{"logTime": "1120/023814", "correlationVector":"kxuBoPm1bXLC9WsSSr7fZM.103","action":"GetUpdates", "result":"DeleteReceived", "context":{"id":"ac1e4d0e-e6c5-49af-98e8-5d017ef81a78", "isDeleted:":"true", "version":"1731772432230"}}
{"logTime": "1120/023814", "correlationVector":"kxuBoPm1bXLC9WsSSr7fZM.104","action":"GetUpdates", "result":"DeleteReceived", "context":{"id":"37d53856-cac9-42ab-9924-106fc99372f0", "isDeleted:":"true", "version":"1731772432232"}}
{"logTime": "1120/023814", "correlationVector":"kxuBoPm1bXLC9WsSSr7fZM.105","action":"GetUpdates", "result":"DeleteReceived", "context":{"id":"a076d64f-33fb-4945-9de9-2d9d75a49e9a", "isDeleted:":"true", "version":"1731772432233"}}
{"logTime": "1120/023814", "correlationVector":"kxuBoPm1bXLC9WsSSr7fZM.106","action":"GetUpdates", "result":"DeleteReceived", "context":{"id":"a51a7e0f-925a-4011-8e1e-8e66e2c62368", "isDeleted:":"true", "version":"1731773431275"}}
{"logTime": "1120/023814", "correlationVector":"kxuBoPm1bXLC9WsSSr7fZM.107","action":"GetUpdates", "result":"DeleteReceived", "context":{"id":"6426ac3f-bea8-4248-adb6-c7dbbe5d0571", "isDeleted:":"true", "version":"1731773535730"}}
{"logTime": "1120/023814", "correlationVector":"kxuBoPm1bXLC9WsSSr7fZM.108","action":"GetUpdates", "result":"DeleteReceived", "context":{"id":"ce37fe48-5c6e-4d83-8c98-94a97230d0fa", "isDeleted:":"true", "version":"1731773535731"}}
{"logTime": "1120/023814", "correlationVector":"kxuBoPm1bXLC9WsSSr7fZM.109","action":"GetUpdates", "result":"DeleteReceived", "context":{"id":"0b01dfa6-d751-462d-afc5-0c4785088534", "isDeleted:":"true", "version":"1731773751874"}}
{"logTime": "1120/023814", "correlationVector":"kxuBoPm1bXLC9WsSSr7fZM.110","action":"GetUpdates", "result":"DeleteReceived", "context":{"id":"1d0b897c-971e-4951-8011-9c7f26b56e98", "isDeleted:":"true", "version":"1731779366017"}}
{"logTime": "1120/023814", "correlationVector":"kxuBoPm1bXLC9WsSSr7fZM.111","action":"GetUpdates", "result":"DeleteReceived", "context":{"id":"bef44818-2a88-4d38-ab2c-8bb808b3d9b2", "isDeleted:":"true", "version":"1731779366018"}}
{"logTime": "1120/023814", "correlationVector":"kxuBoPm1bXLC9WsSSr7fZM.112","action":"GetUpdates", "result":"DeleteReceived", "context":{"id":"7f0e2955-a711-4df2-8ec9-3e6957b568ff", "isDeleted:":"true", "version":"1731787413584"}}
{"logTime": "1120/023814", "correlationVector":"kxuBoPm1bXLC9WsSSr7fZM.113","action":"GetUpdates", "result":"DeleteReceived", "context":{"id":"943c71c7-ba74-413e-a42f-b035ba7d5bc3", "isDeleted:":"true", "version":"1731787413585"}}
{"logTime": "1120/023814", "correlationVector":"kxuBoPm1bXLC9WsSSr7fZM.114","action":"GetUpdates", "result":"DeleteReceived", "context":{"id":"88d0e553-46ea-47cd-9020-4418ce44731f", "isDeleted:":"true", "version":"1731787471691"}}
{"logTime": "1120/023814", "correlationVector":"kxuBoPm1bXLC9WsSSr7fZM.115","action":"GetUpdates", "result":"DeleteReceived", "context":{"id":"a3a40ac9-3a85-4464-9b7f-bbe776dd8654", "isDeleted:":"true", "version":"1731795991508"}}
{"logTime": "1120/023814", "correlationVector":"kxuBoPm1bXLC9WsSSr7fZM.116","action":"GetUpdates", "result":"DeleteReceived", "context":{"id":"d83bb8d6-77ae-49fa-a82c-e37997e194f0", "isDeleted:":"true", "version":"1731796117046"}}
{"logTime": "1120/023814", "correlationVector":"kxuBoPm1bXLC9WsSSr7fZM.117","action":"GetUpdates", "result":"DeleteReceived", "context":{"id":"beeb1ccd-7ada-45b2-bbea-bdcc21efb9dd", "isDeleted:":"true", "version":"1731798188929"}}
{"logTime": "1120/023814", "correlationVector":"kxuBoPm1bXLC9WsSSr7fZM.118","action":"GetUpdates", "result":"DeleteReceived", "context":{"id":"13ed289d-81a5-45ad-b067-e820e2fcff76", "isDeleted:":"true", "version":"1731798458619"}}
{"logTime": "1120/023814", "correlationVector":"kxuBoPm1bXLC9WsSSr7fZM.119","action":"GetUpdates", "result":"DeleteReceived", "context":{"id":"47e522a9-e285-4c2c-8da1-07d1c723df49", "isDeleted:":"true", "version":"1731803138262"}}
{"logTime": "1120/023814", "correlationVector":"kxuBoPm1bXLC9WsSSr7fZM.120","action":"GetUpdates", "result":"DeleteReceived", "context":{"id":"f2afa14c-f9a3-436a-84e6-0e263bbfec77", "isDeleted:":"true", "version":"1731807142007"}}
{"logTime": "1120/023814", "correlationVector":"kxuBoPm1bXLC9WsSSr7fZM.121","action":"GetUpdates", "result":"DeleteReceived", "context":{"id":"5dfcf125-1c80-4d06-aa0b-8e462fbd0f27", "isDeleted:":"true", "version":"1731807437956"}}
{"logTime": "1120/023814", "correlationVector":"kxuBoPm1bXLC9WsSSr7fZM.122","action":"GetUpdates", "result":"DeleteReceived", "context":{"id":"2e2678d8-9f8f-4240-a2ab-6c5cdc3f7d36", "isDeleted:":"true", "version":"1731808005855"}}
{"logTime": "1120/023814", "correlationVector":"kxuBoPm1bXLC9WsSSr7fZM.123","action":"GetUpdates", "result":"DeleteReceived", "context":{"id":"f36a4edd-a94f-46b2-a099-afe3ec9f8a23", "isDeleted:":"true", "version":"1731809247930"}}
{"logTime": "1120/023814", "correlationVector":"kxuBoPm1bXLC9WsSSr7fZM.124","action":"GetUpdates", "result":"DeleteReceived", "context":{"id":"2f7db117-a457-459d-8c50-84e5e2d64a8c", "isDeleted:":"true", "version":"1731809247931"}}
{"logTime": "1120/023814", "correlationVector":"kxuBoPm1bXLC9WsSSr7fZM.125","action":"GetUpdates", "result":"DeleteReceived", "context":{"id":"d410ff67-fb40-45f4-bb10-a50bf4116332", "isDeleted:":"true", "version":"1731809247932"}}
{"logTime": "1120/023814", "correlationVector":"kxuBoPm1bXLC9WsSSr7fZM.126","action":"GetUpdates", "result":"DeleteReceived", "context":{"id":"95d05d74-c68d-4c30-a3a6-2a343d8b2062", "isDeleted:":"true", "version":"1731809247933"}}
{"logTime": "1120/023814", "correlationVector":"kxuBoPm1bXLC9WsSSr7fZM.127","action":"GetUpdates", "result":"DeleteReceived", "context":{"id":"a26cc32e-d277-48a4-8c12-ed5b67d979a5", "isDeleted:":"true", "version":"1731809962619"}}
{"logTime": "1120/023814", "correlationVector":"kxuBoPm1bXLC9WsSSr7fZM.128","action":"GetUpdates", "result":"DeleteReceived", "context":{"id":"b6b87b8b-2d28-42c1-8754-5cee5241ee5f", "isDeleted:":"true", "version":"1731812469374"}}
{"logTime": "1120/023814", "correlationVector":"kxuBoPm1bXLC9WsSSr7fZM.129","action":"GetUpdates", "result":"DeleteReceived", "context":{"id":"b6bafeef-ddb4-44a1-be14-a524750f1ab2", "isDeleted:":"true", "version":"1731816403544"}}
{"logTime": "1120/023814", "correlationVector":"kxuBoPm1bXLC9WsSSr7fZM.130","action":"GetUpdates", "result":"DeleteReceived", "context":{"id":"a25b40ba-da57-4fcd-b6a4-2598329ae766", "isDeleted:":"true", "version":"1731828981369"}}
{"logTime": "1120/023814", "correlationVector":"kxuBoPm1bXLC9WsSSr7fZM.131","action":"GetUpdates", "result":"DeleteReceived", "context":{"id":"2dd9c0c7-f35e-41f4-aaec-6049c4dc1ce9", "isDeleted:":"true", "version":"1731828981370"}}
{"logTime": "1120/023814", "correlationVector":"kxuBoPm1bXLC9WsSSr7fZM.132","action":"GetUpdates", "result":"DeleteReceived", "context":{"id":"ac3ba676-1a70-45db-b5a6-3ad2348968d4", "isDeleted:":"true", "version":"1731828981371"}}
{"logTime": "1120/023814", "correlationVector":"kxuBoPm1bXLC9WsSSr7fZM.133","action":"GetUpdates", "result":"DeleteReceived", "context":{"id":"870f2ee3-310d-4604-8952-9ceb00a690ce", "isDeleted:":"true", "version":"1731828981372"}}
{"logTime": "1120/023814", "correlationVector":"kxuBoPm1bXLC9WsSSr7fZM.134","action":"GetUpdates", "result":"DeleteReceived", "context":{"id":"b4c416be-2d36-41f6-aad8-7b4c2080fdd5", "isDeleted:":"true", "version":"1731829020795"}}
{"logTime": "1120/023814", "correlationVector":"kxuBoPm1bXLC9WsSSr7fZM.135","action":"GetUpdates", "result":"DeleteReceived", "context":{"id":"84560961-da15-493e-b2c0-a72242b7045c", "isDeleted:":"true", "version":"1731829020796"}}
{"logTime": "1120/023814", "correlationVector":"kxuBoPm1bXLC9WsSSr7fZM.136","action":"GetUpdates", "result":"DeleteReceived", "context":{"id":"eeebd988-1e6e-4d66-ac69-323f8e1d5b43", "isDeleted:":"true", "version":"1731829020797"}}
{"logTime": "1120/023814", "correlationVector":"kxuBoPm1bXLC9WsSSr7fZM.137","action":"GetUpdates", "result":"DeleteReceived", "context":{"id":"14cb52af-ea9a-4aca-be00-e737ff3249c5", "isDeleted:":"true", "version":"1731844332119"}}
{"logTime": "1120/023814", "correlationVector":"kxuBoPm1bXLC9WsSSr7fZM.138","action":"GetUpdates", "result":"DeleteReceived", "context":{"id":"d05de6c8-e58b-43ce-b1c7-a4afbff8d6c8", "isDeleted:":"true", "version":"1731844332120"}}
{"logTime": "1120/023814", "correlationVector":"kxuBoPm1bXLC9WsSSr7fZM.139","action":"GetUpdates", "result":"DeleteReceived", "context":{"id":"5e5d4f17-9b3e-40a8-b56a-42a58ce1c4ff", "isDeleted:":"true", "version":"1731844332121"}}
{"logTime": "1120/023814", "correlationVector":"kxuBoPm1bXLC9WsSSr7fZM.140","action":"GetUpdates", "result":"DeleteReceived", "context":{"id":"4b9e4632-fef6-4dd1-b183-6df6c2feac13", "isDeleted:":"true", "version":"1731844332122"}}
{"logTime": "1120/023814", "correlationVector":"kxuBoPm1bXLC9WsSSr7fZM.141","action":"GetUpdates", "result":"DeleteReceived", "context":{"id":"708b4884-a0f9-481f-8cb6-038803958dae", "isDeleted:":"true", "version":"1731845022063"}}
{"logTime": "1120/023814", "correlationVector":"kxuBoPm1bXLC9WsSSr7fZM.142","action":"GetUpdates", "result":"DeleteReceived", "context":{"id":"95f2b872-a119-4777-a25d-2e7660f1190b", "isDeleted:":"true", "version":"1731845022066"}}
{"logTime": "1120/023814", "correlationVector":"kxuBoPm1bXLC9WsSSr7fZM.143","action":"GetUpdates", "result":"DeleteReceived", "context":{"id":"bcf95ac5-d683-40bc-a0e3-10f43c6099d7", "isDeleted:":"true", "version":"1731845080851"}}
{"logTime": "1120/023814", "correlationVector":"kxuBoPm1bXLC9WsSSr7fZM.144","action":"GetUpdates", "result":"DeleteReceived", "context":{"id":"b714e8d9-9c04-4dca-ab17-fd2d542c2d78", "isDeleted:":"true", "version":"1731845080852"}}
{"logTime": "1120/023814", "correlationVector":"kxuBoPm1bXLC9WsSSr7fZM.145","action":"GetUpdates", "result":"DeleteReceived", "context":{"id":"956acc5e-e2f2-4a8d-90f0-8b4b83b38ec7", "isDeleted:":"true", "version":"1731845581503"}}
{"logTime": "1120/023814", "correlationVector":"kxuBoPm1bXLC9WsSSr7fZM.146","action":"GetUpdates", "result":"DeleteReceived", "context":{"id":"08f7131b-d288-4aff-be0d-ad24c026de4e", "isDeleted:":"true", "version":"1731853735171"}}
{"logTime": "1120/023814", "correlationVector":"kxuBoPm1bXLC9WsSSr7fZM.147","action":"GetUpdates", "result":"DeleteReceived", "context":{"id":"e89d6abc-252b-4d49-8ed4-b64b66a661fb", "isDeleted:":"true", "version":"1731853906255"}}
{"logTime": "1120/023814", "correlationVector":"kxuBoPm1bXLC9WsSSr7fZM.148","action":"GetUpdates", "result":"DeleteReceived", "context":{"id":"16da45e4-0112-4d95-8809-b8eb1ba3d875", "isDeleted:":"true", "version":"1731853936897"}}
{"logTime": "1120/023814", "correlationVector":"kxuBoPm1bXLC9WsSSr7fZM.149","action":"GetUpdates", "result":"DeleteReceived", "context":{"id":"41d2a440-8f6d-460b-a8b3-25343feb24c6", "isDeleted:":"true", "version":"1731854105568"}}
{"logTime": "1120/023814", "correlationVector":"kxuBoPm1bXLC9WsSSr7fZM.150","action":"GetUpdates", "result":"DeleteReceived", "context":{"id":"60808b7f-a977-4812-92d4-5bd68fce6332", "isDeleted:":"true", "version":"1731854220168"}}
{"logTime": "1120/023814", "correlationVector":"kxuBoPm1bXLC9WsSSr7fZM.151","action":"GetUpdates", "result":"DeleteReceived", "context":{"id":"00aca26c-cf72-46e9-bd92-0204f07f8d71", "isDeleted:":"true", "version":"1731891683994"}}
{"logTime": "1120/023814", "correlationVector":"kxuBoPm1bXLC9WsSSr7fZM.152","action":"GetUpdates", "result":"DeleteReceived", "context":{"id":"4b99ceac-a42c-449d-a69f-6a4bc9503154", "isDeleted:":"true", "version":"1731891683996"}}
{"logTime": "1120/023814", "correlationVector":"kxuBoPm1bXLC9WsSSr7fZM.153","action":"GetUpdates", "result":"DeleteReceived", "context":{"id":"4810eae8-74f1-44fd-a0d6-3276a4a13762", "isDeleted:":"true", "version":"1731893776983"}}
{"logTime": "1120/023814", "correlationVector":"kxuBoPm1bXLC9WsSSr7fZM.154","action":"GetUpdates", "result":"DeleteReceived", "context":{"id":"7d7d24a9-7693-43a2-af25-07bc0bd16d28", "isDeleted:":"true", "version":"1731893863774"}}
{"logTime": "1120/023814", "correlationVector":"kxuBoPm1bXLC9WsSSr7fZM.155","action":"GetUpdates", "result":"DeleteReceived", "context":{"id":"a7bc53d4-c769-4dc3-83ac-c8160955fd05", "isDeleted:":"true", "version":"1731896391694"}}
{"logTime": "1120/023814", "correlationVector":"kxuBoPm1bXLC9WsSSr7fZM.156","action":"GetUpdates", "result":"DeleteReceived", "context":{"id":"9e664799-bad6-497e-8af4-8e615d704ca0", "isDeleted:":"true", "version":"1731897965310"}}
{"logTime": "1120/023814", "correlationVector":"kxuBoPm1bXLC9WsSSr7fZM.157","action":"GetUpdates", "result":"DeleteReceived", "context":{"id":"7db83fbe-3f7e-4d21-8b5f-b86c426c987d", "isDeleted:":"true", "version":"1731898033730"}}
{"logTime": "1120/023814", "correlationVector":"kxuBoPm1bXLC9WsSSr7fZM.158","action":"GetUpdates", "result":"DeleteReceived", "context":{"id":"9eb989b7-3004-4801-b602-d00bd4212e66", "isDeleted:":"true", "version":"1731898059481"}}
{"logTime": "1120/023814", "correlationVector":"kxuBoPm1bXLC9WsSSr7fZM.159","action":"GetUpdates", "result":"DeleteReceived", "context":{"id":"20e32a67-32c2-4f2b-9762-a4d154d3b9a2", "isDeleted:":"true", "version":"1731898172472"}}
{"logTime": "1120/023814", "correlationVector":"kxuBoPm1bXLC9WsSSr7fZM.160","action":"GetUpdates", "result":"DeleteReceived", "context":{"id":"a46f7bc4-7ab7-4ecd-98ea-066b413aaed7", "isDeleted:":"true", "version":"1731898221887"}}
{"logTime": "1120/023814", "correlationVector":"kxuBoPm1bXLC9WsSSr7fZM.161","action":"GetUpdates", "result":"DeleteReceived", "context":{"id":"e32b7301-1298-43ca-a2f6-026cfcd6f871", "isDeleted:":"true", "version":"1731898578759"}}
{"logTime": "1120/023814", "correlationVector":"kxuBoPm1bXLC9WsSSr7fZM.162","action":"GetUpdates", "result":"DeleteReceived", "context":{"id":"01664de0-e6f6-4550-a6d8-58433ce1c6af", "isDeleted:":"true", "version":"1731898578762"}}
{"logTime": "1120/023814", "correlationVector":"kxuBoPm1bXLC9WsSSr7fZM.163","action":"GetUpdates", "result":"DeleteReceived", "context":{"id":"90990e3c-c3db-4137-9800-d9e0107d78f3", "isDeleted:":"true", "version":"1731898605920"}}
{"logTime": "1120/023814", "correlationVector":"kxuBoPm1bXLC9WsSSr7fZM.164","action":"GetUpdates", "result":"DeleteReceived", "context":{"id":"ddd6699d-4b32-4dd7-ac23-ae06b89761b0", "isDeleted:":"true", "version":"1731898647058"}}
{"logTime": "1120/023814", "correlationVector":"kxuBoPm1bXLC9WsSSr7fZM.165","action":"GetUpdates", "result":"DeleteReceived", "context":{"id":"8d724632-6f93-40c8-8ddd-a835b5fab554", "isDeleted:":"true", "version":"1731899142193"}}
{"logTime": "1120/023814", "correlationVector":"kxuBoPm1bXLC9WsSSr7fZM.166","action":"GetUpdates", "result":"DeleteReceived", "context":{"id":"4b74103f-7fa7-4b54-a038-9ccde3c644df", "isDeleted:":"true", "version":"1731905305314"}}
{"logTime": "1120/023814", "correlationVector":"kxuBoPm1bXLC9WsSSr7fZM.167","action":"GetUpdates", "result":"DeleteReceived", "context":{"id":"8970852a-38d8-4adb-b5e3-9a038c4f3de0", "isDeleted:":"true", "version":"1731905305316"}}
{"logTime": "1120/023814", "correlationVector":"kxuBoPm1bXLC9WsSSr7fZM.168","action":"GetUpdates", "result":"DeleteReceived", "context":{"id":"771a0aa5-1e4e-4f85-be96-e7d0da411882", "isDeleted:":"true", "version":"1731905305317"}}
{"logTime": "1120/023814", "correlationVector":"kxuBoPm1bXLC9WsSSr7fZM.169","action":"GetUpdates", "result":"DeleteReceived", "context":{"id":"c77c20a1-c9a3-4ce3-9335-1e841d1b06c4", "isDeleted:":"true", "version":"1731905341368"}}
{"logTime": "1120/023814", "correlationVector":"kxuBoPm1bXLC9WsSSr7fZM.170","action":"GetUpdates", "result":"DeleteReceived", "context":{"id":"6f77b11b-0a55-4bc2-980e-aa35ad1f883b", "isDeleted:":"true", "version":"1731909841433"}}
{"logTime": "1120/023814", "correlationVector":"kxuBoPm1bXLC9WsSSr7fZM.171","action":"GetUpdates", "result":"DeleteReceived", "context":{"id":"a6b62f9a-e6c5-49cf-8e99-b4af4d2e4e6f", "isDeleted:":"true", "version":"1731910913837"}}
{"logTime": "1120/023814", "correlationVector":"kxuBoPm1bXLC9WsSSr7fZM.172","action":"GetUpdates", "result":"DeleteReceived", "context":{"id":"8d1200d7-9914-4c87-9453-317a51b76fa8", "isDeleted:":"true", "version":"1731911005054"}}
{"logTime": "1120/023814", "correlationVector":"kxuBoPm1bXLC9WsSSr7fZM.173","action":"GetUpdates", "result":"DeleteReceived", "context":{"id":"ad9f6e1e-51f4-4e43-816b-cce55a1ea043", "isDeleted:":"true", "version":"1731911219768"}}
{"logTime": "1120/023814", "correlationVector":"kxuBoPm1bXLC9WsSSr7fZM.174","action":"GetUpdates", "result":"DeleteReceived", "context":{"id":"c9a72f9f-3ef0-42c7-ad69-db80eed17e91", "isDeleted:":"true", "version":"1731911449437"}}
{"logTime": "1120/023814", "correlationVector":"kxuBoPm1bXLC9WsSSr7fZM.175","action":"GetUpdates", "result":"DeleteReceived", "context":{"id":"f3d9ffb5-7323-4220-bd94-4ad8943254c3", "isDeleted:":"true", "version":"1731911557754"}}
{"logTime": "1120/023814", "correlationVector":"kxuBoPm1bXLC9WsSSr7fZM.176","action":"GetUpdates", "result":"DeleteReceived", "context":{"id":"8c33437b-ddb4-4915-944a-74d729b287f9", "isDeleted:":"true", "version":"1731912077727"}}
{"logTime": "1120/023814", "correlationVector":"kxuBoPm1bXLC9WsSSr7fZM.177","action":"GetUpdates", "result":"DeleteReceived", "context":{"id":"16ed1725-f015-4b14-a8c9-9fedb348710c", "isDeleted:":"true", "version":"1731912077729"}}
{"logTime": "1120/023814", "correlationVector":"kxuBoPm1bXLC9WsSSr7fZM.178","action":"GetUpdates", "result":"DeleteReceived", "context":{"id":"c9170a6a-0a3c-4f05-86a2-83cb1f990fe8", "isDeleted:":"true", "version":"1731912211506"}}
{"logTime": "1120/023814", "correlationVector":"kxuBoPm1bXLC9WsSSr7fZM.179","action":"GetUpdates", "result":"DeleteReceived", "context":{"id":"cb6690ba-f15a-4b70-b676-e420fdb850a2", "isDeleted:":"true", "version":"1731913122320"}}
{"logTime": "1120/023814", "correlationVector":"kxuBoPm1bXLC9WsSSr7fZM.180","action":"GetUpdates", "result":"DeleteReceived", "context":{"id":"b74b6680-8f63-4bc0-8e92-4bb414f54bab", "isDeleted:":"true", "version":"1731913838211"}}
{"logTime": "1120/023814", "correlationVector":"kxuBoPm1bXLC9WsSSr7fZM.181","action":"GetUpdates", "result":"DeleteReceived", "context":{"id":"9881c273-da88-4af5-8ec2-5991165e3a70", "isDeleted:":"true", "version":"1731913871047"}}
{"logTime": "1120/023814", "correlationVector":"kxuBoPm1bXLC9WsSSr7fZM.182","action":"GetUpdates", "result":"DeleteReceived", "context":{"id":"b3558b4c-1739-4123-aed7-e3ab44b8c13b", "isDeleted:":"true", "version":"1731913957200"}}
{"logTime": "1120/023814", "correlationVector":"kxuBoPm1bXLC9WsSSr7fZM.183","action":"GetUpdates", "result":"DeleteReceived", "context":{"id":"f9f2e1ed-edad-429c-899f-144b0a5c7289", "isDeleted:":"true", "version":"1731913957202"}}
{"logTime": "1120/023814", "correlationVector":"kxuBoPm1bXLC9WsSSr7fZM.184","action":"GetUpdates", "result":"DeleteReceived", "context":{"id":"b82782d1-49fd-4990-b9ee-9b6a9dd7b404", "isDeleted:":"true", "version":"1731913957205"}}
{"logTime": "1120/023814", "correlationVector":"kxuBoPm1bXLC9WsSSr7fZM.185","action":"GetUpdates", "result":"DeleteReceived", "context":{"id":"dae71c24-3952-4674-aee6-013901648988", "isDeleted:":"true", "version":"1731913992543"}}
{"logTime": "1120/023814", "correlationVector":"kxuBoPm1bXLC9WsSSr7fZM.186","action":"GetUpdates", "result":"DeleteReceived", "context":{"id":"c7c4a2f9-8e57-4908-b937-a9ba1fd42c05", "isDeleted:":"true", "version":"1731914181422"}}
{"logTime": "1120/023814", "correlationVector":"kxuBoPm1bXLC9WsSSr7fZM.187","action":"GetUpdates", "result":"DeleteReceived", "context":{"id":"fa7cc952-c056-48bf-aeea-2af973c72cb4", "isDeleted:":"true", "version":"1731914449725"}}
{"logTime": "1120/023814", "correlationVector":"kxuBoPm1bXLC9WsSSr7fZM.188","action":"GetUpdates", "result":"DeleteReceived", "context":{"id":"4b186414-fc3d-4bc3-bf45-1369e2f4b9c1", "isDeleted:":"true", "version":"1731914458703"}}
{"logTime": "1120/023814", "correlationVector":"kxuBoPm1bXLC9WsSSr7fZM.189","action":"GetUpdates", "result":"DeleteReceived", "context":{"id":"57dc4f65-f2a9-45fc-ad6d-b532a7fd0b27", "isDeleted:":"true", "version":"1731914497821"}}
{"logTime": "1120/023814", "correlationVector":"kxuBoPm1bXLC9WsSSr7fZM.190","action":"GetUpdates", "result":"DeleteReceived", "context":{"id":"eea1f019-34ec-44ff-b59a-5c841d646301", "isDeleted:":"true", "version":"1731914589395"}}
{"logTime": "1120/023814", "correlationVector":"kxuBoPm1bXLC9WsSSr7fZM.191","action":"GetUpdates", "result":"DeleteReceived", "context":{"id":"333a3f38-0bd2-4c22-8093-056d520e627c", "isDeleted:":"true", "version":"1731914634537"}}
{"logTime": "1120/023814", "correlationVector":"kxuBoPm1bXLC9WsSSr7fZM.192","action":"GetUpdates", "result":"DeleteReceived", "context":{"id":"95b0b814-3957-4677-8a09-ac47f231ebbe", "isDeleted:":"true", "version":"1731914695345"}}
{"logTime": "1120/023814", "correlationVector":"kxuBoPm1bXLC9WsSSr7fZM.193","action":"GetUpdates", "result":"DeleteReceived", "context":{"id":"66c7b3a5-007c-4046-af68-7f215b2c4067", "isDeleted:":"true", "version":"1731914714789"}}
{"logTime": "1120/023814", "correlationVector":"kxuBoPm1bXLC9WsSSr7fZM.194","action":"GetUpdates", "result":"DeleteReceived", "context":{"id":"a1802665-baff-478d-8172-8ac34fda10a6", "isDeleted:":"true", "version":"1731914714790"}}
{"logTime": "1120/023814", "correlationVector":"kxuBoPm1bXLC9WsSSr7fZM.195","action":"GetUpdates", "result":"DeleteReceived", "context":{"id":"8413701e-fb60-41cc-aa68-01b675e30113", "isDeleted:":"true", "version":"1731914714791"}}
{"logTime": "1120/023814", "correlationVector":"kxuBoPm1bXLC9WsSSr7fZM.196","action":"GetUpdates", "result":"DeleteReceived", "context":{"id":"f1687e14-538f-4c45-b71f-fc540eeba059", "isDeleted:":"true", "version":"1731915108913"}}
{"logTime": "1120/023814", "correlationVector":"kxuBoPm1bXLC9WsSSr7fZM.197","action":"GetUpdates", "result":"DeleteReceived", "context":{"id":"b69a5edb-8ca4-4797-8299-9d4b811ee154", "isDeleted:":"true", "version":"1731915108915"}}
{"logTime": "1120/023814", "correlationVector":"kxuBoPm1bXLC9WsSSr7fZM.198","action":"GetUpdates", "result":"DeleteReceived", "context":{"id":"0a9b7e63-cbc8-4f26-9b21-e1547c117e3f", "isDeleted:":"true", "version":"1731915141474"}}
{"logTime": "1120/023814", "correlationVector":"kxuBoPm1bXLC9WsSSr7fZM.199","action":"GetUpdates", "result":"DeleteReceived", "context":{"id":"2d07aefa-6e7c-4508-b6b8-c35ce022e88c", "isDeleted:":"true", "version":"1731915141477"}}
{"logTime": "1120/023814", "correlationVector":"kxuBoPm1bXLC9WsSSr7fZM.200","action":"GetUpdates", "result":"DeleteReceived", "context":{"id":"1a337eaf-7615-40d4-940a-0eb17892a3ba", "isDeleted:":"true", "version":"1731915269704"}}
{"logTime": "1120/023814", "correlationVector":"kxuBoPm1bXLC9WsSSr7fZM.201","action":"GetUpdates", "result":"DeleteReceived", "context":{"id":"f1b04e34-af22-453d-b77a-51def08796a5", "isDeleted:":"true", "version":"1731915512811"}}
{"logTime": "1120/023814", "correlationVector":"kxuBoPm1bXLC9WsSSr7fZM.202","action":"GetUpdates", "result":"DeleteReceived", "context":{"id":"b1a27d58-1b4d-448f-a901-6664e6d8c847", "isDeleted:":"true", "version":"1731915740918"}}
{"logTime": "1120/023814", "correlationVector":"kxuBoPm1bXLC9WsSSr7fZM.203","action":"GetUpdates", "result":"DeleteReceived", "context":{"id":"8a4a4d57-6a16-4125-a127-f2233a16a51c", "isDeleted:":"true", "version":"1731915740920"}}
{"logTime": "1120/023814", "correlationVector":"kxuBoPm1bXLC9WsSSr7fZM.204","action":"GetUpdates", "result":"DeleteReceived", "context":{"id":"009f11e1-1702-40bd-974f-eb02dc490e83", "isDeleted:":"true", "version":"1731920104857"}}
{"logTime": "1120/023814", "correlationVector":"kxuBoPm1bXLC9WsSSr7fZM.205","action":"GetUpdates", "result":"DeleteReceived", "context":{"id":"c37c93fb-b5bf-4b55-8f07-785b9cd37926", "isDeleted:":"true", "version":"1731922750187"}}
{"logTime": "1120/023814", "correlationVector":"kxuBoPm1bXLC9WsSSr7fZM.206","action":"GetUpdates", "result":"DeleteReceived", "context":{"id":"0835faec-5101-4be9-ab8c-6c16da7762c0", "isDeleted:":"true", "version":"1731922750188"}}
{"logTime": "1120/023814", "correlationVector":"kxuBoPm1bXLC9WsSSr7fZM.207","action":"GetUpdates", "result":"DeleteReceived", "context":{"id":"8444e671-f2f0-417b-83ba-385320fca3f7", "isDeleted:":"true", "version":"1731922750189"}}
{"logTime": "1120/023814", "correlationVector":"kxuBoPm1bXLC9WsSSr7fZM.208","action":"GetUpdates", "result":"DeleteReceived", "context":{"id":"74531c2a-8712-4bb7-8239-70147ef45aa5", "isDeleted:":"true", "version":"1731922797262"}}
{"logTime": "1120/023814", "correlationVector":"kxuBoPm1bXLC9WsSSr7fZM.209","action":"GetUpdates", "result":"DeleteReceived", "context":{"id":"f09e88e6-97d0-4a7d-a202-aa50c5b5bf40", "isDeleted:":"true", "version":"1731922797263"}}
{"logTime": "1120/023814", "correlationVector":"kxuBoPm1bXLC9WsSSr7fZM.210","action":"GetUpdates", "result":"DeleteReceived", "context":{"id":"3b834ffc-bd4d-40f6-93f9-826df7ab73e3", "isDeleted:":"true", "version":"1731922828186"}}
{"logTime": "1120/023814", "correlationVector":"kxuBoPm1bXLC9WsSSr7fZM.211","action":"GetUpdates", "result":"DeleteReceived", "context":{"id":"8a551f71-871f-4e63-96f4-14746da0f948", "isDeleted:":"true", "version":"1731922828188"}}
{"logTime": "1120/023814", "correlationVector":"kxuBoPm1bXLC9WsSSr7fZM.212","action":"GetUpdates", "result":"DeleteReceived", "context":{"id":"76c7b4fa-0a4d-4ff2-87f0-7cd8b5450486", "isDeleted:":"true", "version":"1731922828189"}}
{"logTime": "1120/023814", "correlationVector":"kxuBoPm1bXLC9WsSSr7fZM.213","action":"GetUpdates", "result":"DeleteReceived", "context":{"id":"34c09f09-b2d9-4d9b-9551-bedd97e713b5", "isDeleted:":"true", "version":"1731927563351"}}
{"logTime": "1120/023814", "correlationVector":"kxuBoPm1bXLC9WsSSr7fZM.214","action":"GetUpdates", "result":"DeleteReceived", "context":{"id":"18d5a436-b99a-4fdc-b7e3-0504ffa657ae", "isDeleted:":"true", "version":"1731927710368"}}
{"logTime": "1120/023814", "correlationVector":"kxuBoPm1bXLC9WsSSr7fZM.215","action":"GetUpdates Response", "result":"Success", "context":Received 248 update(s). cV=kxuBoPm1bXLC9WsSSr7fZM.0;server=GENERAL0300001W;cloudType=Consumer;environment=Prod_SoutheastAsia_000j;migrationStage=NotStarted Some updates remain.}
{"logTime": "1120/023814", "correlationVector":"HUSEOiUECTj3R8aP5m52oT","action":"Normal GetUpdate request", "result":"", "context":cV=HUSEOiUECTj3R8aP5m52oT
Nudged types: Sessions, Device Info
Refresh requested types: Bookmarks, Preferences, Passwords, Autofill Profiles, Autofill, Typed URLs, Extensions, Sessions, Extension settings, History Delete Directives, Device Info, User Consents, Send Tab To Self, Web Apps, Collection, Edge E Drop, Edge Hub App Usage, Edge Tab Group, Edge Wallet, Encryption Keys}
{"logTime": "1120/023815", "correlationVector":"HUSEOiUECTj3R8aP5m52oT.1","action":"SyncServerConnectionManagerRequest", "result":"SYNC_SERVER_OK", "context":{"environment":"Prod_SoutheastAsia_000j", "migrationStage":"NotStarted", "server":"GENERAL0300001P"}}
{"logTime": "1120/023815", "correlationVector":"HUSEOiUECTj3R8aP5m52oT.2","action":"GetUpdates", "result":"DeleteReceived", "context":{"id":"db4f0629-b61a-4785-bc24-d7f0a4f36885", "isDeleted:":"true", "version":"1731928662885"}}
{"logTime": "1120/023815", "correlationVector":"HUSEOiUECTj3R8aP5m52oT.3","action":"GetUpdates", "result":"DeleteReceived", "context":{"id":"c6eae39a-888a-4b2d-9f09-6823833d818a", "isDeleted:":"true", "version":"1731930482031"}}
{"logTime": "1120/023815", "correlationVector":"HUSEOiUECTj3R8aP5m52oT.4","action":"GetUpdates", "result":"DeleteReceived", "context":{"id":"862001cb-619d-435d-b76c-1e7780101d22", "isDeleted:":"true", "version":"1731931373884"}}
{"logTime": "1120/023815", "correlationVector":"HUSEOiUECTj3R8aP5m52oT.5","action":"GetUpdates", "result":"DeleteReceived", "context":{"id":"31215fa3-a701-4c65-b054-c9cfac546463", "isDeleted:":"true", "version":"1731932141563"}}
{"logTime": "1120/023815", "correlationVector":"HUSEOiUECTj3R8aP5m52oT.6","action":"GetUpdates", "result":"DeleteReceived", "context":{"id":"771b9669-5a47-4b05-a0d3-b7568cf54d3b", "isDeleted:":"true", "version":"1731945252689"}}
{"logTime": "1120/023815", "correlationVector":"HUSEOiUECTj3R8aP5m52oT.7","action":"GetUpdates", "result":"DeleteReceived", "context":{"id":"0720921c-9b29-40bc-8ef8-398a380dbb77", "isDeleted:":"true", "version":"1731945252691"}}
{"logTime": "1120/023815", "correlationVector":"HUSEOiUECTj3R8aP5m52oT.8","action":"GetUpdates", "result":"DeleteReceived", "context":{"id":"0d6535c4-935c-4865-ba28-e7927ed0f15f", "isDeleted:":"true", "version":"1731945252692"}}
{"logTime": "1120/023815", "correlationVector":"HUSEOiUECTj3R8aP5m52oT.9","action":"GetUpdates", "result":"DeleteReceived", "context":{"id":"b483da37-f168-4dde-80d2-91d2bef8315a", "isDeleted:":"true", "version":"1731945252693"}}
{"logTime": "1120/023815", "correlationVector":"HUSEOiUECTj3R8aP5m52oT.10","action":"GetUpdates", "result":"DeleteReceived", "context":{"id":"fc01b640-d776-4f3e-8020-ceb462c54bca", "isDeleted:":"true", "version":"1731945252694"}}
{"logTime": "1120/023815", "correlationVector":"HUSEOiUECTj3R8aP5m52oT.11","action":"GetUpdates", "result":"DeleteReceived", "context":{"id":"50ed5228-6afb-47e0-b2d1-e2c20777f021", "isDeleted:":"true", "version":"1731945252695"}}
{"logTime": "1120/023815", "correlationVector":"HUSEOiUECTj3R8aP5m52oT.12","action":"GetUpdates", "result":"DeleteReceived", "context":{"id":"39130b7f-01fc-473b-89da-ce2397446076", "isDeleted:":"true", "version":"1731945308645"}}
{"logTime": "1120/023815", "correlationVector":"HUSEOiUECTj3R8aP5m52oT.13","action":"GetUpdates", "result":"DeleteReceived", "context":{"id":"aebc64dc-d6de-435a-9e33-53f8ee06dab0", "isDeleted:":"true", "version":"1731979226664"}}
{"logTime": "1120/023815", "correlationVector":"HUSEOiUECTj3R8aP5m52oT.14","action":"GetUpdates", "result":"DeleteReceived", "context":{"id":"cc995b70-6681-42a0-8f0a-6b32eee45595", "isDeleted:":"true", "version":"1731979226665"}}
{"logTime": "1120/023815", "correlationVector":"HUSEOiUECTj3R8aP5m52oT.15","action":"GetUpdates", "result":"DeleteReceived", "context":{"id":"2d1733f5-493a-4752-b10b-47c812dfbbf1", "isDeleted:":"true", "version":"1731979228217"}}
{"logTime": "1120/023815", "correlationVector":"HUSEOiUECTj3R8aP5m52oT.16","action":"GetUpdates", "result":"DeleteReceived", "context":{"id":"b5fecb13-1afa-4837-9255-25219e1b7fd2", "isDeleted:":"true", "version":"1731980470629"}}
{"logTime": "1120/023815", "correlationVector":"HUSEOiUECTj3R8aP5m52oT.17","action":"GetUpdates", "result":"DeleteReceived", "context":{"id":"11eacec4-51db-4e52-9890-bd8e6eb1d1d3", "isDeleted:":"true", "version":"1731980550716"}}
{"logTime": "1120/023815", "correlationVector":"HUSEOiUECTj3R8aP5m52oT.18","action":"GetUpdates", "result":"DeleteReceived", "context":{"id":"6ec4c29b-76b0-4d81-86c5-41fc008c3502", "isDeleted:":"true", "version":"1731980650875"}}
{"logTime": "1120/023815", "correlationVector":"HUSEOiUECTj3R8aP5m52oT.19","action":"GetUpdates", "result":"DeleteReceived", "context":{"id":"24bc943d-5408-4fc6-a8b1-84e464876613", "isDeleted:":"true", "version":"1731980899891"}}
{"logTime": "1120/023815", "correlationVector":"HUSEOiUECTj3R8aP5m52oT.20","action":"GetUpdates", "result":"DeleteReceived", "context":{"id":"a468a7ee-4978-451b-bd01-62dced3a5f67", "isDeleted:":"true", "version":"1731980899892"}}
{"logTime": "1120/023815", "correlationVector":"HUSEOiUECTj3R8aP5m52oT.21","action":"GetUpdates", "result":"DeleteReceived", "context":{"id":"16ab6115-8001-4d84-a738-2d61e63024ce", "isDeleted:":"true", "version":"1731980899894"}}
{"logTime": "1120/023815", "correlationVector":"HUSEOiUECTj3R8aP5m52oT.22","action":"GetUpdates", "result":"DeleteReceived", "context":{"id":"3b3926bb-fbc4-4a4e-843a-317a454c05c9", "isDeleted:":"true", "version":"1731980899895"}}
{"logTime": "1120/023815", "correlationVector":"HUSEOiUECTj3R8aP5m52oT.23","action":"GetUpdates", "result":"DeleteReceived", "context":{"id":"aacd904e-39eb-4c19-9510-02ce4da67c6f", "isDeleted:":"true", "version":"1731981155345"}}
{"logTime": "1120/023815", "correlationVector":"HUSEOiUECTj3R8aP5m52oT.24","action":"GetUpdates", "result":"DeleteReceived", "context":{"id":"45f2f9fb-bb9c-454e-b8fc-3670946bd4b8", "isDeleted:":"true", "version":"1731981539307"}}
{"logTime": "1120/023815", "correlationVector":"HUSEOiUECTj3R8aP5m52oT.25","action":"GetUpdates", "result":"DeleteReceived", "context":{"id":"ad94f291-bea3-4e0b-9e6f-161596b930b6", "isDeleted:":"true", "version":"1731981539308"}}
{"logTime": "1120/023815", "correlationVector":"HUSEOiUECTj3R8aP5m52oT.26","action":"GetUpdates", "result":"DeleteReceived", "context":{"id":"2d364f2e-a30d-44f5-8452-921c5ad654e3", "isDeleted:":"true", "version":"1731981539309"}}
{"logTime": "1120/023815", "correlationVector":"HUSEOiUECTj3R8aP5m52oT.27","action":"GetUpdates", "result":"DeleteReceived", "context":{"id":"e5d4a52a-6dd8-420e-b9e6-409cab671c03", "isDeleted:":"true", "version":"1731981539310"}}
{"logTime": "1120/023815", "correlationVector":"HUSEOiUECTj3R8aP5m52oT.28","action":"GetUpdates", "result":"DeleteReceived", "context":{"id":"cd067542-2932-4c11-8935-f960170fe5d7", "isDeleted:":"true", "version":"1731981539311"}}
{"logTime": "1120/023815", "correlationVector":"HUSEOiUECTj3R8aP5m52oT.29","action":"GetUpdates", "result":"DeleteReceived", "context":{"id":"95b36b65-2dde-4533-adfc-527b92643c97", "isDeleted:":"true", "version":"1731981539312"}}
{"logTime": "1120/023815", "correlationVector":"HUSEOiUECTj3R8aP5m52oT.30","action":"GetUpdates", "result":"DeleteReceived", "context":{"id":"25798c57-df79-4910-9031-ac37f23ed578", "isDeleted:":"true", "version":"1731981737331"}}
{"logTime": "1120/023815", "correlationVector":"HUSEOiUECTj3R8aP5m52oT.31","action":"GetUpdates", "result":"DeleteReceived", "context":{"id":"101ebc7a-b170-4707-9cab-dea3d746be98", "isDeleted:":"true", "version":"1731981902517"}}
{"logTime": "1120/023815", "correlationVector":"HUSEOiUECTj3R8aP5m52oT.32","action":"GetUpdates", "result":"DeleteReceived", "context":{"id":"921ee92d-17dd-4037-884a-5d096481172e", "isDeleted:":"true", "version":"1731982200717"}}
{"logTime": "1120/023815", "correlationVector":"HUSEOiUECTj3R8aP5m52oT.33","action":"GetUpdates", "result":"DeleteReceived", "context":{"id":"8e96a5df-2dcd-49b5-99d4-4a985a0948ae", "isDeleted:":"true", "version":"1731982896967"}}
{"logTime": "1120/023815", "correlationVector":"HUSEOiUECTj3R8aP5m52oT.34","action":"GetUpdates", "result":"DeleteReceived", "context":{"id":"a51c0ebc-5332-4252-9731-56e4ec139f58", "isDeleted:":"true", "version":"1731982896968"}}
{"logTime": "1120/023815", "correlationVector":"HUSEOiUECTj3R8aP5m52oT.35","action":"GetUpdates", "result":"DeleteReceived", "context":{"id":"95a66758-21f0-4d4b-a182-89a8348f33b1", "isDeleted:":"true", "version":"1731984808868"}}
{"logTime": "1120/023815", "correlationVector":"HUSEOiUECTj3R8aP5m52oT.36","action":"GetUpdates", "result":"DeleteReceived", "context":{"id":"159447c7-2d8b-49c5-8fc8-6cfc37e5231e", "isDeleted:":"true", "version":"1731984808869"}}
{"logTime": "1120/023815", "correlationVector":"HUSEOiUECTj3R8aP5m52oT.37","action":"GetUpdates", "result":"DeleteReceived", "context":{"id":"20e14a7f-c509-4a55-83b4-8e5bfc4c6dd6", "isDeleted:":"true", "version":"1731984808870"}}
{"logTime": "1120/023815", "correlationVector":"HUSEOiUECTj3R8aP5m52oT.38","action":"GetUpdates", "result":"DeleteReceived", "context":{"id":"8ecee4b3-574a-4dd4-b231-6e9263d5b8a7", "isDeleted:":"true", "version":"1731984808871"}}
{"logTime": "1120/023815", "correlationVector":"HUSEOiUECTj3R8aP5m52oT.39","action":"GetUpdates", "result":"DeleteReceived", "context":{"id":"1decb0b2-3086-4ba0-a652-8f38f790b6d6", "isDeleted:":"true", "version":"1731984808872"}}
{"logTime": "1120/023815", "correlationVector":"HUSEOiUECTj3R8aP5m52oT.40","action":"GetUpdates", "result":"DeleteReceived", "context":{"id":"31ce34f6-865a-4cf5-a196-26752bcdf067", "isDeleted:":"true", "version":"1731984808873"}}
{"logTime": "1120/023815", "correlationVector":"HUSEOiUECTj3R8aP5m52oT.41","action":"GetUpdates", "result":"DeleteReceived", "context":{"id":"c4277c9e-c0ec-4e8e-8ee1-aaacd5292ff5", "isDeleted:":"true", "version":"1731984808874"}}
{"logTime": "1120/023815", "correlationVector":"HUSEOiUECTj3R8aP5m52oT.42","action":"GetUpdates", "result":"DeleteReceived", "context":{"id":"400f43c9-dc2e-49bf-bba5-36910f5f50fd", "isDeleted:":"true", "version":"1731984956357"}}
{"logTime": "1120/023815", "correlationVector":"HUSEOiUECTj3R8aP5m52oT.43","action":"GetUpdates", "result":"DeleteReceived", "context":{"id":"e2c9cb42-b311-4e42-8bc2-f27a23537aeb", "isDeleted:":"true", "version":"1731984956358"}}
{"logTime": "1120/023815", "correlationVector":"HUSEOiUECTj3R8aP5m52oT.44","action":"GetUpdates", "result":"DeleteReceived", "context":{"id":"b23a412d-c84e-4ead-afcd-2db33089c537", "isDeleted:":"true", "version":"1731991085272"}}
{"logTime": "1120/023815", "correlationVector":"HUSEOiUECTj3R8aP5m52oT.45","action":"GetUpdates", "result":"DeleteReceived", "context":{"id":"26fdd9f1-7153-4a10-b433-318f24b173b0", "isDeleted:":"true", "version":"1731991131059"}}
{"logTime": "1120/023815", "correlationVector":"HUSEOiUECTj3R8aP5m52oT.46","action":"GetUpdates", "result":"DeleteReceived", "context":{"id":"940f7d74-84b3-4f55-9bc6-afb98b11b768", "isDeleted:":"true", "version":"1731994250400"}}
{"logTime": "1120/023815", "correlationVector":"HUSEOiUECTj3R8aP5m52oT.47","action":"GetUpdates", "result":"DeleteReceived", "context":{"id":"a65ce120-c40f-4019-8cea-3db3bb134ec0", "isDeleted:":"true", "version":"1731994250401"}}
{"logTime": "1120/023815", "correlationVector":"HUSEOiUECTj3R8aP5m52oT.48","action":"GetUpdates", "result":"DeleteReceived", "context":{"id":"32ca1fe9-63ca-4335-9b1a-9641ea3056af", "isDeleted:":"true", "version":"1731994250402"}}
{"logTime": "1120/023815", "correlationVector":"HUSEOiUECTj3R8aP5m52oT.49","action":"GetUpdates", "result":"DeleteReceived", "context":{"id":"98012639-40e3-4603-9a0e-adff95a90c89", "isDeleted:":"true", "version":"1731994250403"}}
{"logTime": "1120/023815", "correlationVector":"HUSEOiUECTj3R8aP5m52oT.50","action":"GetUpdates", "result":"DeleteReceived", "context":{"id":"6395c1bc-1613-4491-af6f-c1d1a085f001", "isDeleted:":"true", "version":"1731994250405"}}
{"logTime": "1120/023815", "correlationVector":"HUSEOiUECTj3R8aP5m52oT.51","action":"GetUpdates", "result":"DeleteReceived", "context":{"id":"8a7843dc-0b56-40e9-9aa8-846e10657acf", "isDeleted:":"true", "version":"1731997391294"}}
{"logTime": "1120/023815", "correlationVector":"HUSEOiUECTj3R8aP5m52oT.52","action":"GetUpdates", "result":"DeleteReceived", "context":{"id":"cbf460d1-aa5e-4e84-94bb-aac0b122260e", "isDeleted:":"true", "version":"1731999404311"}}
{"logTime": "1120/023815", "correlationVector":"HUSEOiUECTj3R8aP5m52oT.53","action":"GetUpdates", "result":"DeleteReceived", "context":{"id":"9fdbff0c-013f-463e-b684-8d77ca2df6aa", "isDeleted:":"true", "version":"1732000012942"}}
{"logTime": "1120/023815", "correlationVector":"HUSEOiUECTj3R8aP5m52oT.54","action":"GetUpdates", "result":"DeleteReceived", "context":{"id":"3498ba6a-d190-4d93-8f49-e928f5ca889a", "isDeleted:":"true", "version":"1732001787668"}}
{"logTime": "1120/023815", "correlationVector":"HUSEOiUECTj3R8aP5m52oT.55","action":"GetUpdates", "result":"DeleteReceived", "context":{"id":"942d4240-8e76-40d1-8627-73ba9a289a15", "isDeleted:":"true", "version":"1732002597213"}}
{"logTime": "1120/023815", "correlationVector":"HUSEOiUECTj3R8aP5m52oT.56","action":"GetUpdates", "result":"DeleteReceived", "context":{"id":"7b8a6ceb-a0f6-4cb4-b9ac-852ee9603ea3", "isDeleted:":"true", "version":"1732003851609"}}
{"logTime": "1120/023815", "correlationVector":"HUSEOiUECTj3R8aP5m52oT.57","action":"GetUpdates", "result":"DeleteReceived", "context":{"id":"6ef33df7-5ffd-47cd-b13d-7bb9ac237bc2", "isDeleted:":"true", "version":"1732008444270"}}
{"logTime": "1120/023815", "correlationVector":"HUSEOiUECTj3R8aP5m52oT.58","action":"GetUpdates", "result":"DeleteReceived", "context":{"id":"b77f47af-3b91-4ee5-97b8-5c962bc3168c", "isDeleted:":"true", "version":"1732008554590"}}
{"logTime": "1120/023815", "correlationVector":"HUSEOiUECTj3R8aP5m52oT.59","action":"GetUpdates", "result":"DeleteReceived", "context":{"id":"cd0d7371-3225-42fd-ac33-bf342dbf8b1e", "isDeleted:":"true", "version":"1732017088962"}}
{"logTime": "1120/023815", "correlationVector":"HUSEOiUECTj3R8aP5m52oT.60","action":"GetUpdates", "result":"DeleteReceived", "context":{"id":"68370190-07b8-499f-bfc2-b667aa806076", "isDeleted:":"true", "version":"1732017753025"}}
{"logTime": "1120/023815", "correlationVector":"HUSEOiUECTj3R8aP5m52oT.61","action":"GetUpdates", "result":"DeleteReceived", "context":{"id":"2c233160-0628-4c51-800a-8246231242af", "isDeleted:":"true", "version":"1732018304915"}}
{"logTime": "1120/023815", "correlationVector":"HUSEOiUECTj3R8aP5m52oT.62","action":"GetUpdates", "result":"DeleteReceived", "context":{"id":"4ba44498-3326-41b8-8982-b9fec8c6f3bf", "isDeleted:":"true", "version":"1732018605623"}}
{"logTime": "1120/023815", "correlationVector":"HUSEOiUECTj3R8aP5m52oT.63","action":"GetUpdates", "result":"DeleteReceived", "context":{"id":"c9b34e0f-9a2d-4db6-b847-b23b98905ad3", "isDeleted:":"true", "version":"1732022204845"}}
{"logTime": "1120/023815", "correlationVector":"HUSEOiUECTj3R8aP5m52oT.64","action":"GetUpdates", "result":"DeleteReceived", "context":{"id":"3eb49c7d-bcf6-4898-9d99-42e2326becb1", "isDeleted:":"true", "version":"1732068657131"}}
{"logTime": "1120/023815", "correlationVector":"HUSEOiUECTj3R8aP5m52oT.65","action":"GetUpdates", "result":"DeleteReceived", "context":{"id":"0559c340-921e-43af-b8d0-7e50cc02ba11", "isDeleted:":"true", "version":"1732068657132"}}
{"logTime": "1120/023815", "correlationVector":"HUSEOiUECTj3R8aP5m52oT.66","action":"GetUpdates", "result":"DeleteReceived", "context":{"id":"fb7c230a-acb3-446f-b4a4-943fd0cabd6a", "isDeleted:":"true", "version":"1732068657133"}}
{"logTime": "1120/023815", "correlationVector":"HUSEOiUECTj3R8aP5m52oT.67","action":"GetUpdates", "result":"DeleteReceived", "context":{"id":"a1cf4dab-2692-4945-9bac-a407ec42becf", "isDeleted:":"true", "version":"1732068657134"}}
{"logTime": "1120/023815", "correlationVector":"HUSEOiUECTj3R8aP5m52oT.68","action":"GetUpdates", "result":"DeleteReceived", "context":{"id":"7feadd83-9cbb-4eab-89c3-fb493786f31d", "isDeleted:":"true", "version":"1732068657135"}}
{"logTime": "1120/023815", "correlationVector":"HUSEOiUECTj3R8aP5m52oT.69","action":"GetUpdates", "result":"DeleteReceived", "context":{"id":"cac9cf8e-42b8-419f-8a6b-95f435c10f62", "isDeleted:":"true", "version":"1732068657136"}}
{"logTime": "1120/023815", "correlationVector":"HUSEOiUECTj3R8aP5m52oT.70","action":"GetUpdates", "result":"DeleteReceived", "context":{"id":"e6c8ecc4-c3ed-4850-bc6a-32e1a1695937", "isDeleted:":"true", "version":"1732068657138"}}
{"logTime": "1120/023815", "correlationVector":"HUSEOiUECTj3R8aP5m52oT.71","action":"GetUpdates", "result":"DeleteReceived", "context":{"id":"65276e0e-c3ab-448f-b5c2-4c4099e3a1d8", "isDeleted:":"true", "version":"1732068657139"}}
{"logTime": "1120/023815", "correlationVector":"HUSEOiUECTj3R8aP5m52oT.72","action":"GetUpdates", "result":"DeleteReceived", "context":{"id":"b3f77a29-095c-46d4-abca-ec4202c63e95", "isDeleted:":"true", "version":"1732068924134"}}
{"logTime": "1120/023815", "correlationVector":"HUSEOiUECTj3R8aP5m52oT.73","action":"GetUpdates", "result":"DeleteReceived", "context":{"id":"a36ce807-102c-4fe1-803f-31c10306d70e", "isDeleted:":"true", "version":"1732070129498"}}
{"logTime": "1120/023815", "correlationVector":"HUSEOiUECTj3R8aP5m52oT.74","action":"GetUpdates", "result":"DeleteReceived", "context":{"id":"99ee2fd8-b180-4252-a2cd-547a3e11156f", "isDeleted:":"true", "version":"1732070135114"}}
{"logTime": "1120/023815", "correlationVector":"HUSEOiUECTj3R8aP5m52oT.75","action":"GetUpdates", "result":"DeleteReceived", "context":{"id":"76459905-f084-4014-91b5-6147eb5e1d5e", "isDeleted:":"true", "version":"1732070135115"}}
{"logTime": "1120/023815", "correlationVector":"HUSEOiUECTj3R8aP5m52oT.76","action":"GetUpdates", "result":"DeleteReceived", "context":{"id":"64915456-57f5-4930-a47d-ea08d5432340", "isDeleted:":"true", "version":"1732070135116"}}
{"logTime": "1120/023815", "correlationVector":"HUSEOiUECTj3R8aP5m52oT.77","action":"GetUpdates", "result":"DeleteReceived", "context":{"id":"a11df139-9637-4d9d-8607-fc7211eb03be", "isDeleted:":"true", "version":"1732070135117"}}
{"logTime": "1120/023815", "correlationVector":"HUSEOiUECTj3R8aP5m52oT.78","action":"GetUpdates", "result":"DeleteReceived", "context":{"id":"fa9ca299-8a94-469b-943b-73ab335f6373", "isDeleted:":"true", "version":"1732070135118"}}
{"logTime": "1120/023815", "correlationVector":"HUSEOiUECTj3R8aP5m52oT.79","action":"GetUpdates", "result":"DeleteReceived", "context":{"id":"e217dae9-bd65-40b6-923f-68cc026d38b8", "isDeleted:":"true", "version":"1732070135119"}}
{"logTime": "1120/023815", "correlationVector":"HUSEOiUECTj3R8aP5m52oT.80","action":"GetUpdates", "result":"DeleteReceived", "context":{"id":"bce3075c-abd3-43b7-b9d6-ebf3e85bbd93", "isDeleted:":"true", "version":"1732070135120"}}
{"logTime": "1120/023815", "correlationVector":"HUSEOiUECTj3R8aP5m52oT.81","action":"GetUpdates", "result":"DeleteReceived", "context":{"id":"60219119-5f2a-4bcb-ab1c-880a58fa033a", "isDeleted:":"true", "version":"1732070135121"}}
{"logTime": "1120/023815", "correlationVector":"HUSEOiUECTj3R8aP5m52oT.82","action":"GetUpdates", "result":"DeleteReceived", "context":{"id":"4ee64008-26c6-40d6-967c-8a390a5c5dbc", "isDeleted:":"true", "version":"1732070135122"}}
{"logTime": "1120/023815", "correlationVector":"HUSEOiUECTj3R8aP5m52oT.83","action":"GetUpdates", "result":"DeleteReceived", "context":{"id":"5df2c33e-f44b-42da-9dc5-4dda20bbe29f", "isDeleted:":"true", "version":"1732070135123"}}
{"logTime": "1120/023815", "correlationVector":"HUSEOiUECTj3R8aP5m52oT.84","action":"GetUpdates", "result":"DeleteReceived", "context":{"id":"89246f10-dd66-43a4-bbd1-ea811d4f7733", "isDeleted:":"true", "version":"1732070135124"}}
{"logTime": "1120/023815", "correlationVector":"HUSEOiUECTj3R8aP5m52oT.85","action":"GetUpdates", "result":"DeleteReceived", "context":{"id":"93ecfc3c-507c-4059-8729-9c25ecdd0d03", "isDeleted:":"true", "version":"1732070135125"}}
{"logTime": "1120/023815", "correlationVector":"HUSEOiUECTj3R8aP5m52oT.86","action":"GetUpdates Response", "result":"Success", "context":Received 119 update(s). cV=HUSEOiUECTj3R8aP5m52oT.0;server=GENERAL0300001P;cloudType=Consumer;environment=Prod_SoutheastAsia_000j;migrationStage=NotStarted}
{"logTime": "1120/023815", "correlationVector":"fdY1tuXs3rhBQJFCMH0gZl","action":"DoCompareDataConsistency requsted types: ", "result":"Bookmarks, Preferences, Passwords, Typed URLs, Extensions, Extension settings, History Delete Directives, Send Tab To Self, Web Apps, Collection, Edge E Drop, Edge Tab Group, Edge Wallet, Encryption Keys"}
{"logTime": "1120/023815", "correlationVector":"fdY1tuXs3rhBQJFCMH0gZl.0","action":"CompareDataConsistency result: ", "result":"Compare result: Encryption Keys is consistent. local entities count is: 1 local entities hash is: k5KHAkHyfIuPSNt2FvLWqg38XKU="}
{"logTime": "1120/023815", "correlationVector":"fdY1tuXs3rhBQJFCMH0gZl.1","action":"CompareDataConsistency result: ", "result":"Compare result: Bookmarks is inconsistent.After ignore ghosts in Bookmark, change from inconsistent to: still inconsistent. server entities count is: 13 server entities hash is: eXIO5uZb8JbS5wXqr8UqUeyRGp8= Server count without ghosts: 13 Server hash without ghosts: eXIO5uZb8JbS5wXqr8UqUeyRGp8= local entities count is: 13 local entities hash is: t7leCizFZsaukqRrYF0ATifHurI="}
{"logTime": "1120/023815", "correlationVector":"fdY1tuXs3rhBQJFCMH0gZl.2","action":"CompareDataConsistency result: ", "result":"Compare result: Preferences is consistent. local entities count is: 72 local entities hash is: gxfX0Ur4C/+HUp2qmulqvt5AA04="}
{"logTime": "1120/023815", "correlationVector":"fdY1tuXs3rhBQJFCMH0gZl.3","action":"CompareDataConsistency result: ", "result":"Server did not send this Typed URLs local entities count is: 61 local entities hash is: AZ/yCI+l8U4yvmWHBe9TA8PyN7M="}
{"logTime": "1120/023815", "correlationVector":"fdY1tuXs3rhBQJFCMH0gZl.4","action":"CompareDataConsistency result: ", "result":"Compare result: Extensions is consistent. local entities count is: 1 local entities hash is: QfvLY+onGBYWUKH3pDRJUazaI90="}
{"logTime": "1120/023815", "correlationVector":"fdY1tuXs3rhBQJFCMH0gZl.5","action":"CompareDataConsistency result: ", "result":"Compare result: Extension settings is consistent. local entities count is: 0 local entities hash is: "}
{"logTime": "1120/023815", "correlationVector":"fdY1tuXs3rhBQJFCMH0gZl.6","action":"CompareDataConsistency result: ", "result":"Compare result: History Delete Directives is consistent. local entities count is: 0 local entities hash is: "}
{"logTime": "1120/023815", "correlationVector":"fdY1tuXs3rhBQJFCMH0gZl.7","action":"CompareDataConsistency result: ", "result":"Server did not send this Send Tab To Self local entities count is: 0 local entities hash is: "}
{"logTime": "1120/023815", "correlationVector":"fdY1tuXs3rhBQJFCMH0gZl.8","action":"CompareDataConsistency result: ", "result":"Compare result: Web Apps is consistent. local entities count is: 0 local entities hash is: "}
{"logTime": "1120/023815", "correlationVector":"fdY1tuXs3rhBQJFCMH0gZl.9","action":"CompareDataConsistency result: ", "result":"Compare result: Collection is consistent. local entities count is: 0 local entities hash is: "}
{"logTime": "1120/023815", "correlationVector":"fdY1tuXs3rhBQJFCMH0gZl.10","action":"CompareDataConsistency result: ", "result":"Compare result: Edge E Drop is consistent. local entities count is: 0 local entities hash is: "}
{"logTime": "1120/023815", "correlationVector":"fdY1tuXs3rhBQJFCMH0gZl.11","action":"CompareDataConsistency result: ", "result":"Compare result: Edge Tab Group is consistent. local entities count is: 1 local entities hash is: 81219bhf7YluOu5vUapUuRXCBd8="}
{"logTime": "1120/023815", "correlationVector":"fdY1tuXs3rhBQJFCMH0gZl.12","action":"CompareDataConsistency result: ", "result":"Compare result: Edge Wallet is consistent. local entities count is: 0 local entities hash is: "}
{"logTime": "1120/023815", "correlationVector":"fdY1tuXs3rhBQJFCMH0gZl.13","action":"CompareDataConsistency result: ", "result":"Compare result: Passwords is consistent. local entities count is: 141 local entities hash is: M62c8BtoLm6aX19imm4sShGv2FM="}
{"logTime": "1120/023815", "correlationVector":"1AmXMuiCSzUJ1Z3w9eUEiS","action":"Commit Request", "result":"", "context":Item count: 4
Contributing types: Sessions, Device Info}
{"logTime": "1120/023816", "correlationVector":"1AmXMuiCSzUJ1Z3w9eUEiS.1","action":"SyncServerConnectionManagerRequest", "result":"SYNC_SERVER_OK", "context":{"environment":"Prod_SoutheastAsia_000j", "migrationStage":"NotStarted", "server":"GENERAL0300001W"}}
{"logTime": "1120/023816", "correlationVector":"1AmXMuiCSzUJ1Z3w9eUEiS.2","action":"Commit Response", "result":"Success", "context":Result: Success. cV=1AmXMuiCSzUJ1Z3w9eUEiS.0;server=GENERAL0300001W;cloudType=Consumer;environment=Prod_SoutheastAsia_000j;migrationStage=NotStarted}
{"logTime": "1120/023816", "correlationVector":"1AmXMuiCSzUJ1Z3w9eUEiS.3","action":"Commit.Sessions", "result":"Success", "context":{"id":"ed233a73-c2fd-44e9-b082-15a1cf54b61f", "isDeleted":"true", "size":"0", "version":"1731483722434"}}
{"logTime": "1120/023816", "correlationVector":"","action":"DIAGNOSTIC_REQUEST|v1/diagnosticData/Diagnostic.SendCheckResult()|SUCCESS", "result":""}
{"logTime": "1120/023816", "correlationVector":"uhjV07ueV7zxCS0LsuicUT","action":"Poll GetUpdate request", "result":"", "context":cV=uhjV07ueV7zxCS0LsuicUT}
{"logTime": "1120/023816", "correlationVector":"uhjV07ueV7zxCS0LsuicUT.1","action":"SyncServerConnectionManagerRequest", "result":"SYNC_SERVER_OK", "context":{"environment":"Prod_SoutheastAsia_000j", "migrationStage":"NotStarted", "server":"GENERAL0300000M"}}
{"logTime": "1120/023816", "correlationVector":"uhjV07ueV7zxCS0LsuicUT.2","action":"GetUpdates", "result":"DeleteReceived", "context":{"id":"ed233a73-c2fd-44e9-b082-15a1cf54b61f", "isDeleted:":"true", "version":"1732070297327"}}
{"logTime": "1120/023816", "correlationVector":"uhjV07ueV7zxCS0LsuicUT.3","action":"GetUpdates Response", "result":"Success", "context":Received 7 update(s). cV=uhjV07ueV7zxCS0LsuicUT.0;server=GENERAL0300000M;cloudType=Consumer;environment=Prod_SoutheastAsia_000j;migrationStage=NotStarted}
{"logTime": "1120/023830", "correlationVector":"lrsU3YpDFy62LFdamu7TAw","action":"Commit Request", "result":"", "context":Item count: 2
Contributing types: Preferences, Sessions}
{"logTime": "1120/023831", "correlationVector":"lrsU3YpDFy62LFdamu7TAw.1","action":"SyncServerConnectionManagerRequest", "result":"SYNC_SERVER_OK", "context":{"environment":"Prod_SoutheastAsia_000j", "migrationStage":"NotStarted", "server":"GENERAL03000017"}}
{"logTime": "1120/023831", "correlationVector":"lrsU3YpDFy62LFdamu7TAw.2","action":"Commit Response", "result":"Success", "context":Result: Success. cV=lrsU3YpDFy62LFdamu7TAw.0;server=GENERAL03000017;cloudType=Consumer;environment=Prod_SoutheastAsia_000j;migrationStage=NotStarted}
{"logTime": "1120/023836", "correlationVector":"frg/ACDhwycbBHUNP1PqfT","action":"Commit Request", "result":"", "context":Item count: 1
Contributing types: Preferences}
{"logTime": "1120/023836", "correlationVector":"frg/ACDhwycbBHUNP1PqfT.1","action":"SyncServerConnectionManagerRequest", "result":"SYNC_SERVER_OK", "context":{"environment":"Prod_SoutheastAsia_000j", "migrationStage":"NotStarted", "server":"GENERAL01000009"}}
{"logTime": "1120/023836", "correlationVector":"frg/ACDhwycbBHUNP1PqfT.2","action":"Commit Response", "result":"Success", "context":Result: Success. cV=frg/ACDhwycbBHUNP1PqfT.0;server=GENERAL01000009;cloudType=Consumer;environment=Prod_SoutheastAsia_000j;migrationStage=NotStarted}
{"logTime": "1120/024118", "correlationVector":"Q8V8MeuWYi5FA6t5NQguKa","action":"Commit Request", "result":"", "context":Item count: 1
Contributing types: Sessions}
{"logTime": "1120/024118", "correlationVector":"Q8V8MeuWYi5FA6t5NQguKa.1","action":"SyncServerConnectionManagerRequest", "result":"SYNC_SERVER_OK", "context":{"environment":"Prod_SoutheastAsia_000j", "migrationStage":"NotStarted", "server":"GENERAL03000007"}}
{"logTime": "1120/024118", "correlationVector":"Q8V8MeuWYi5FA6t5NQguKa.2","action":"Commit Response", "result":"Success", "context":Result: Success. cV=Q8V8MeuWYi5FA6t5NQguKa.0;server=GENERAL03000007;cloudType=Consumer;environment=Prod_SoutheastAsia_000j;migrationStage=NotStarted}
